In file included from /root/Elastic-Tracker/ros2_ws/src/decomp_ros_utils/src/bound_visual.cpp:1:
/root/Elastic-Tracker/ros2_ws/src/decomp_ros_utils/src/bound_visual.h:6:10: fatal error: OGRE/OgreQuaternion.h: No such file or directory
    6 | #include <OGRE/OgreQuaternion.h>
      |          ^~~~~~~~~~~~~~~~~~~~~~~
compilation terminated.
gmake[2]: *** [CMakeFiles/decomp_rviz_plugins.dir/build.make:96: CMakeFiles/decomp_rviz_plugins.dir/src/bound_visual.cpp.o] Error 1
gmake[2]: *** Waiting for unfinished jobs....
In file included from /root/Elastic-Tracker/ros2_ws/src/decomp_ros_utils/src/mesh_visual.cpp:1:
/root/Elastic-Tracker/ros2_ws/src/decomp_ros_utils/src/mesh_visual.h:6:10: fatal error: OGRE/OgreQuaternion.h: No such file or directory
    6 | #include <OGRE/OgreQuaternion.h>
      |          ^~~~~~~~~~~~~~~~~~~~~~~
compilation terminated.
gmake[2]: *** [CMakeFiles/decomp_rviz_plugins.dir/build.make:110: CMakeFiles/decomp_rviz_plugins.dir/src/mesh_visual.cpp.o] Error 1
In file included from /root/Elastic-Tracker/ros2_ws/src/decomp_ros_utils/src/vector_visual.cpp:1:
/root/Elastic-Tracker/ros2_ws/src/decomp_ros_utils/src/vector_visual.h:6:10: fatal error: OGRE/OgreQuaternion.h: No such file or directory
    6 | #include <OGRE/OgreQuaternion.h>
      |          ^~~~~~~~~~~~~~~~~~~~~~~
compilation terminated.
gmake[2]: *** [CMakeFiles/decomp_rviz_plugins.dir/build.make:124: CMakeFiles/decomp_rviz_plugins.dir/src/vector_visual.cpp.o] Error 1
In file included from /root/Elastic-Tracker/ros2_ws/src/decomp_ros_utils/src/ellipsoid_array_visual.cpp:1:
/root/Elastic-Tracker/ros2_ws/src/decomp_ros_utils/src/ellipsoid_array_visual.h:11:10: fatal error: OGRE/OgreQuaternion.h: No such file or directory
   11 | #include <OGRE/OgreQuaternion.h>
      |          ^~~~~~~~~~~~~~~~~~~~~~~
compilation terminated.
gmake[2]: *** [CMakeFiles/decomp_rviz_plugins.dir/build.make:138: CMakeFiles/decomp_rviz_plugins.dir/src/ellipsoid_array_visual.cpp.o] Error 1
In file included from /root/Elastic-Tracker/ros2_ws/src/decomp_ros_utils/src/polyhedron_array_display.cpp:1:
/root/Elastic-Tracker/ros2_ws/src/decomp_ros_utils/src/polyhedron_array_display.h:13:10: fatal error: OGRE/OgreQuaternion.h: No such file or directory
   13 | #include <OGRE/OgreQuaternion.h>
      |          ^~~~~~~~~~~~~~~~~~~~~~~
compilation terminated.
gmake[2]: *** [CMakeFiles/decomp_rviz_plugins.dir/build.make:166: CMakeFiles/decomp_rviz_plugins.dir/src/polyhedron_array_display.cpp.o] Error 1
In file included from /root/Elastic-Tracker/ros2_ws/build/decomp_ros_utils/decomp_rviz_plugins_autogen/UVLADIE3JM/../../../../src/decomp_ros_utils/src/ellipsoid_array_display.h:12,
                 from /root/Elastic-Tracker/ros2_ws/build/decomp_ros_utils/decomp_rviz_plugins_autogen/UVLADIE3JM/moc_ellipsoid_array_display.cpp:10,
                 from /root/Elastic-Tracker/ros2_ws/build/decomp_ros_utils/decomp_rviz_plugins_autogen/mocs_compilation.cpp:2:
/root/Elastic-Tracker/ros2_ws/build/decomp_ros_utils/decomp_rviz_plugins_autogen/UVLADIE3JM/../../../../src/decomp_ros_utils/src/ellipsoid_array_visual.h:11:10: fatal error: OGRE/OgreQuaternion.h: No such file or directory
   11 | #include <OGRE/OgreQuaternion.h>
      |          ^~~~~~~~~~~~~~~~~~~~~~~
compilation terminated.
gmake[2]: *** [CMakeFiles/decomp_rviz_plugins.dir/build.make:82: CMakeFiles/decomp_rviz_plugins.dir/decomp_rviz_plugins_autogen/mocs_compilation.cpp.o] Error 1
In file included from /root/Elastic-Tracker/ros2_ws/src/decomp_ros_utils/src/ellipsoid_array_display.h:12,
                 from /root/Elastic-Tracker/ros2_ws/src/decomp_ros_utils/src/ellipsoid_array_display.cpp:1:
/root/Elastic-Tracker/ros2_ws/src/decomp_ros_utils/src/ellipsoid_array_visual.h:11:10: fatal error: OGRE/OgreQuaternion.h: No such file or directory
   11 | #include <OGRE/OgreQuaternion.h>
      |          ^~~~~~~~~~~~~~~~~~~~~~~
compilation terminated.
gmake[2]: *** [CMakeFiles/decomp_rviz_plugins.dir/build.make:152: CMakeFiles/decomp_rviz_plugins.dir/src/ellipsoid_array_display.cpp.o] Error 1
gmake[1]: *** [CMakeFiles/Makefile2:140: CMakeFiles/decomp_rviz_plugins.dir/all] Error 2
gmake: *** [Makefile:146: all] Error 2
