[0.009s] Invoking command in '/root/Elastic-Tracker/ros2_ws/build/decomp_ros_utils': CMAKE_PREFIX_PATH=/opt/ros/jazzy:/root/Elastic-Tracker/ros2_ws/install:/opt/ros/jazzy/opt/gz_math_vendor:/opt/ros/jazzy/opt/gz_utils_vendor:/opt/ros/jazzy/opt/gz_cmake_vendor:/root/Elastic-Tracker/ros2_ws/install/elastic_tracker_bringup:/root/Elastic-Tracker/ros2_ws/install/planning:/root/Elastic-Tracker/ros2_ws/install/traj_opt_core:/root/Elastic-Tracker/ros2_ws/install/target_ekf:/root/Elastic-Tracker/ros2_ws/install/so3_quadrotor:/root/Elastic-Tracker/ros2_ws/install/so3_controller:/root/Elastic-Tracker/ros2_ws/install/odom_visualization:/root/Elastic-Tracker/ros2_ws/install/mapping:/root/Elastic-Tracker/ros2_ws/install/quadrotor_msgs:/root/Elastic-Tracker/ros2_ws/install/pose_utils:/root/Elastic-Tracker/ros2_ws/install/object_detection_msgs:/root/Elastic-Tracker/ros2_ws/install/mockamap:/root/Elastic-Tracker/ros2_ws/install/mapping_core CONDA_PROMPT_MODIFIER=(base) HISTTIMEFORMAT=%F %T LD_LIBRARY_PATH=/root/Elastic-Tracker/ros2_ws/install/lib:/opt/ros/jazzy/opt/rviz_ogre_vendor/lib:/opt/ros/jazzy/opt/gz_math_vendor/lib:/opt/ros/jazzy/opt/gz_utils_vendor/lib:/opt/ros/jazzy/opt/gz_cmake_vendor/lib:/root/Elastic-Tracker/ros2_ws/install/planning/lib:/root/Elastic-Tracker/ros2_ws/install/so3_quadrotor/lib:/root/Elastic-Tracker/ros2_ws/install/so3_controller/lib:/root/Elastic-Tracker/ros2_ws/install/mapping/lib:/root/Elastic-Tracker/ros2_ws/install/quadrotor_msgs/lib:/root/Elastic-Tracker/ros2_ws/install/object_detection_msgs/lib:/opt/ros/jazzy/lib/x86_64-linux-gnu:/opt/ros/jazzy/lib PYTHONPATH=/root/Elastic-Tracker/ros2_ws/install/lib/python3.12/site-packages:${PYTHONPATH} /usr/bin/cmake --build /root/Elastic-Tracker/ros2_ws/build/decomp_ros_utils -- -j28 -l28
[0.030s] -- Found ament_cmake: 2.5.5 (/opt/ros/jazzy/share/ament_cmake/cmake)
[0.149s] -- Override CMake install command with custom implementation using symlinks instead of copying resources
[0.153s] -- Found pluginlib: 5.4.4 (/opt/ros/jazzy/share/pluginlib/cmake)
[0.162s] -- Found TinyXML2 via Config file: /usr/lib/x86_64-linux-gnu/cmake/tinyxml2
[0.162s] -- Found rviz_common: 14.1.19 (/opt/ros/jazzy/share/rviz_common/cmake)
[0.174s] -- Found rosidl_generator_c: 4.6.7 (/opt/ros/jazzy/share/rosidl_generator_c/cmake)
[0.178s] -- Found rosidl_generator_cpp: 4.6.7 (/opt/ros/jazzy/share/rosidl_generator_cpp/cmake)
[0.184s] -- Using all available rosidl_typesupport_c: rosidl_typesupport_fastrtps_c;rosidl_typesupport_introspection_c
[0.189s] -- Using all available rosidl_typesupport_cpp: rosidl_typesupport_fastrtps_cpp;rosidl_typesupport_introspection_cpp
[0.239s] -- Found rmw_implementation_cmake: 7.3.3 (/opt/ros/jazzy/share/rmw_implementation_cmake/cmake)
[0.239s] -- Found rmw_fastrtps_cpp: 8.4.3 (/opt/ros/jazzy/share/rmw_fastrtps_cpp/cmake)
[0.248s] -- Found TinyXML2 via Config file: /usr/lib/x86_64-linux-gnu/cmake/tinyxml2
[0.254s] -- Found TinyXML2 via Config file: /usr/lib/x86_64-linux-gnu/cmake/tinyxml2
[0.265s] -- Found TinyXML2 via Config file: /usr/lib/x86_64-linux-gnu/cmake/tinyxml2
[0.270s] -- Found TinyXML2 via Config file: /usr/lib/x86_64-linux-gnu/cmake/tinyxml2
[0.278s] -- Using RMW implementation 'rmw_fastrtps_cpp' as default
[0.315s] -- Setting OGRE_DIR to: '/opt/ros/jazzy/share/rviz_ogre_vendor/cmake/../../../opt/rviz_ogre_vendor/lib/OGRE/cmake'
[0.316s] -- Found OGRE
[0.316s] --   static     : OFF
[0.316s] --   components : MeshLodGenerator;Overlay;Paging;Property;RTShaderSystem;Terrain;Volume
[0.316s] --   plugins    : Plugin_BSPSceneManager;Plugin_OctreeSceneManager;Plugin_PCZSceneManager;Plugin_ParticleFX;RenderSystem_GL;RenderSystem_GL3Plus;Codec_STBI
[0.316s] --   media      : /opt/ros/jazzy/opt/rviz_ogre_vendor/share/OGRE/Media
[0.316s] -- OGRE_LIBRARIES: OgreMeshLodGenerator;OgreOverlay;OgrePaging;OgreProperty;OgreRTShaderSystem;OgreTerrain;OgreVolume;OgreMain
[0.316s] -- OGRE_LIBRARY_DIRS: /opt/ros/jazzy/opt/rviz_ogre_vendor/lib
[0.316s] -- OGRE_PLUGINS: Plugin_BSPSceneManager;Plugin_OctreeSceneManager;Plugin_PCZSceneManager;Plugin_ParticleFX;RenderSystem_GL;RenderSystem_GL3Plus;Codec_STBI
[0.316s] -- OGRE_PLUGIN_DIR: /opt/ros/jazzy/opt/rviz_ogre_vendor/lib/OGRE
[0.316s] -- rviz_ogre_vendor::OgreOverlay for IMPORTED_LOCATION_RELEASE: /opt/ros/jazzy/opt/rviz_ogre_vendor/lib/libOgreOverlay.so
[0.316s] -- rviz_ogre_vendor::OgreOverlay for IMPORTED_LOCATION_DEBUG: /opt/ros/jazzy/opt/rviz_ogre_vendor/lib/libOgreOverlay.so
[0.317s] -- rviz_ogre_vendor::OgreMain for IMPORTED_LOCATION_RELEASE: /opt/ros/jazzy/opt/rviz_ogre_vendor/lib/libOgreMain.so
[0.317s] -- rviz_ogre_vendor::OgreMain for IMPORTED_LOCATION_DEBUG: /opt/ros/jazzy/opt/rviz_ogre_vendor/lib/libOgreMain.so
[0.317s] -- Could not find freeimage library
[0.444s] -- Setting yaml-cpp_DIR to: '/opt/ros/jazzy/share/yaml_cpp_vendor/cmake/../../../opt/yaml_cpp_vendor/share/cmake/yaml-cpp'
[0.447s] -- Found OGRE
[0.447s] --   static     : OFF
[0.447s] --   components : MeshLodGenerator;Overlay;Paging;Property;RTShaderSystem;Terrain;Volume
[0.448s] --   plugins    : Plugin_BSPSceneManager;Plugin_OctreeSceneManager;Plugin_PCZSceneManager;Plugin_ParticleFX;RenderSystem_GL;RenderSystem_GL3Plus;Codec_STBI
[0.448s] --   media      : /opt/ros/jazzy/opt/rviz_ogre_vendor/share/OGRE/Media
[0.448s] -- Found decomp_ros_msgs: 0.0.1 (/root/Elastic-Tracker/ros2_ws/install/share/decomp_ros_msgs/cmake)
[0.457s] -- Found nav_msgs: 5.3.6 (/opt/ros/jazzy/share/nav_msgs/cmake)
[0.523s] -- Configuring done (0.5s)
[0.548s] -- Generating done (0.0s)
[0.551s] -- Build files have been written to: /root/Elastic-Tracker/ros2_ws/build/decomp_ros_utils
[0.581s] [  0%] Built target decomp_rviz_plugins_autogen_timestamp_deps
[0.616s] [ 10%] Automatic MOC for target decomp_rviz_plugins
[0.952s] [ 10%] Built target decomp_rviz_plugins_autogen
[0.981s] [ 20%] Building CXX object CMakeFiles/decomp_rviz_plugins.dir/src/bound_visual.cpp.o
[0.982s] [ 30%] Building CXX object CMakeFiles/decomp_rviz_plugins.dir/src/ellipsoid_array_visual.cpp.o
[0.982s] [ 40%] Building CXX object CMakeFiles/decomp_rviz_plugins.dir/src/ellipsoid_array_display.cpp.o
[0.983s] [ 60%] Building CXX object CMakeFiles/decomp_rviz_plugins.dir/decomp_rviz_plugins_autogen/mocs_compilation.cpp.o
[0.983s] [ 60%] Building CXX object CMakeFiles/decomp_rviz_plugins.dir/src/mesh_visual.cpp.o
[0.983s] [ 70%] Building CXX object CMakeFiles/decomp_rviz_plugins.dir/src/vector_visual.cpp.o
[0.984s] [ 80%] Building CXX object CMakeFiles/decomp_rviz_plugins.dir/src/polyhedron_array_display.cpp.o
[1.162s] In file included from /root/Elastic-Tracker/ros2_ws/src/decomp_ros_utils/src/bound_visual.cpp:1:
[1.163s] /root/Elastic-Tracker/ros2_ws/src/decomp_ros_utils/src/bound_visual.h:6:10: fatal error: OGRE/OgreQuaternion.h: No such file or directory
[1.163s]     6 | #include <OGRE/OgreQuaternion.h>
[1.163s]       |          ^~~~~~~~~~~~~~~~~~~~~~~
[1.163s] compilation terminated.
[1.165s] gmake[2]: *** [CMakeFiles/decomp_rviz_plugins.dir/build.make:96: CMakeFiles/decomp_rviz_plugins.dir/src/bound_visual.cpp.o] Error 1
[1.165s] gmake[2]: *** Waiting for unfinished jobs....
[1.168s] In file included from /root/Elastic-Tracker/ros2_ws/src/decomp_ros_utils/src/mesh_visual.cpp:1:
[1.168s] /root/Elastic-Tracker/ros2_ws/src/decomp_ros_utils/src/mesh_visual.h:6:10: fatal error: OGRE/OgreQuaternion.h: No such file or directory
[1.168s]     6 | #include <OGRE/OgreQuaternion.h>
[1.168s]       |          ^~~~~~~~~~~~~~~~~~~~~~~
[1.168s] compilation terminated.
[1.171s] gmake[2]: *** [CMakeFiles/decomp_rviz_plugins.dir/build.make:110: CMakeFiles/decomp_rviz_plugins.dir/src/mesh_visual.cpp.o] Error 1
[1.171s] In file included from /root/Elastic-Tracker/ros2_ws/src/decomp_ros_utils/src/vector_visual.cpp:1:
[1.171s] /root/Elastic-Tracker/ros2_ws/src/decomp_ros_utils/src/vector_visual.h:6:10: fatal error: OGRE/OgreQuaternion.h: No such file or directory
[1.171s]     6 | #include <OGRE/OgreQuaternion.h>
[1.171s]       |          ^~~~~~~~~~~~~~~~~~~~~~~
[1.171s] compilation terminated.
[1.174s] gmake[2]: *** [CMakeFiles/decomp_rviz_plugins.dir/build.make:124: CMakeFiles/decomp_rviz_plugins.dir/src/vector_visual.cpp.o] Error 1
[1.186s] In file included from /root/Elastic-Tracker/ros2_ws/src/decomp_ros_utils/src/ellipsoid_array_visual.cpp:1:
[1.186s] /root/Elastic-Tracker/ros2_ws/src/decomp_ros_utils/src/ellipsoid_array_visual.h:11:10: fatal error: OGRE/OgreQuaternion.h: No such file or directory
[1.186s]    11 | #include <OGRE/OgreQuaternion.h>
[1.186s]       |          ^~~~~~~~~~~~~~~~~~~~~~~
[1.186s] compilation terminated.
[1.189s] gmake[2]: *** [CMakeFiles/decomp_rviz_plugins.dir/build.make:138: CMakeFiles/decomp_rviz_plugins.dir/src/ellipsoid_array_visual.cpp.o] Error 1
[1.364s] In file included from /root/Elastic-Tracker/ros2_ws/src/decomp_ros_utils/src/polyhedron_array_display.cpp:1:
[1.364s] /root/Elastic-Tracker/ros2_ws/src/decomp_ros_utils/src/polyhedron_array_display.h:13:10: fatal error: OGRE/OgreQuaternion.h: No such file or directory
[1.364s]    13 | #include <OGRE/OgreQuaternion.h>
[1.364s]       |          ^~~~~~~~~~~~~~~~~~~~~~~
[1.364s] compilation terminated.
[1.369s] gmake[2]: *** [CMakeFiles/decomp_rviz_plugins.dir/build.make:166: CMakeFiles/decomp_rviz_plugins.dir/src/polyhedron_array_display.cpp.o] Error 1
[1.387s] In file included from /root/Elastic-Tracker/ros2_ws/build/decomp_ros_utils/decomp_rviz_plugins_autogen/UVLADIE3JM/../../../../src/decomp_ros_utils/src/ellipsoid_array_display.h:12,
[1.387s]                  from /root/Elastic-Tracker/ros2_ws/build/decomp_ros_utils/decomp_rviz_plugins_autogen/UVLADIE3JM/moc_ellipsoid_array_display.cpp:10,
[1.387s]                  from /root/Elastic-Tracker/ros2_ws/build/decomp_ros_utils/decomp_rviz_plugins_autogen/mocs_compilation.cpp:2:
[1.387s] /root/Elastic-Tracker/ros2_ws/build/decomp_ros_utils/decomp_rviz_plugins_autogen/UVLADIE3JM/../../../../src/decomp_ros_utils/src/ellipsoid_array_visual.h:11:10: fatal error: OGRE/OgreQuaternion.h: No such file or directory
[1.387s]    11 | #include <OGRE/OgreQuaternion.h>
[1.387s]       |          ^~~~~~~~~~~~~~~~~~~~~~~
[1.387s] compilation terminated.
[1.392s] gmake[2]: *** [CMakeFiles/decomp_rviz_plugins.dir/build.make:82: CMakeFiles/decomp_rviz_plugins.dir/decomp_rviz_plugins_autogen/mocs_compilation.cpp.o] Error 1
[1.393s] In file included from /root/Elastic-Tracker/ros2_ws/src/decomp_ros_utils/src/ellipsoid_array_display.h:12,
[1.393s]                  from /root/Elastic-Tracker/ros2_ws/src/decomp_ros_utils/src/ellipsoid_array_display.cpp:1:
[1.393s] /root/Elastic-Tracker/ros2_ws/src/decomp_ros_utils/src/ellipsoid_array_visual.h:11:10: fatal error: OGRE/OgreQuaternion.h: No such file or directory
[1.393s]    11 | #include <OGRE/OgreQuaternion.h>
[1.393s]       |          ^~~~~~~~~~~~~~~~~~~~~~~
[1.393s] compilation terminated.
[1.398s] gmake[2]: *** [CMakeFiles/decomp_rviz_plugins.dir/build.make:152: CMakeFiles/decomp_rviz_plugins.dir/src/ellipsoid_array_display.cpp.o] Error 1
[1.398s] gmake[1]: *** [CMakeFiles/Makefile2:140: CMakeFiles/decomp_rviz_plugins.dir/all] Error 2
[1.399s] gmake: *** [Makefile:146: all] Error 2
[1.401s] Invoked command in '/root/Elastic-Tracker/ros2_ws/build/decomp_ros_utils' returned '2': CMAKE_PREFIX_PATH=/opt/ros/jazzy:/root/Elastic-Tracker/ros2_ws/install:/opt/ros/jazzy/opt/gz_math_vendor:/opt/ros/jazzy/opt/gz_utils_vendor:/opt/ros/jazzy/opt/gz_cmake_vendor:/root/Elastic-Tracker/ros2_ws/install/elastic_tracker_bringup:/root/Elastic-Tracker/ros2_ws/install/planning:/root/Elastic-Tracker/ros2_ws/install/traj_opt_core:/root/Elastic-Tracker/ros2_ws/install/target_ekf:/root/Elastic-Tracker/ros2_ws/install/so3_quadrotor:/root/Elastic-Tracker/ros2_ws/install/so3_controller:/root/Elastic-Tracker/ros2_ws/install/odom_visualization:/root/Elastic-Tracker/ros2_ws/install/mapping:/root/Elastic-Tracker/ros2_ws/install/quadrotor_msgs:/root/Elastic-Tracker/ros2_ws/install/pose_utils:/root/Elastic-Tracker/ros2_ws/install/object_detection_msgs:/root/Elastic-Tracker/ros2_ws/install/mockamap:/root/Elastic-Tracker/ros2_ws/install/mapping_core CONDA_PROMPT_MODIFIER=(base) HISTTIMEFORMAT=%F %T LD_LIBRARY_PATH=/root/Elastic-Tracker/ros2_ws/install/lib:/opt/ros/jazzy/opt/rviz_ogre_vendor/lib:/opt/ros/jazzy/opt/gz_math_vendor/lib:/opt/ros/jazzy/opt/gz_utils_vendor/lib:/opt/ros/jazzy/opt/gz_cmake_vendor/lib:/root/Elastic-Tracker/ros2_ws/install/planning/lib:/root/Elastic-Tracker/ros2_ws/install/so3_quadrotor/lib:/root/Elastic-Tracker/ros2_ws/install/so3_controller/lib:/root/Elastic-Tracker/ros2_ws/install/mapping/lib:/root/Elastic-Tracker/ros2_ws/install/quadrotor_msgs/lib:/root/Elastic-Tracker/ros2_ws/install/object_detection_msgs/lib:/opt/ros/jazzy/lib/x86_64-linux-gnu:/opt/ros/jazzy/lib PYTHONPATH=/root/Elastic-Tracker/ros2_ws/install/lib/python3.12/site-packages:${PYTHONPATH} /usr/bin/cmake --build /root/Elastic-Tracker/ros2_ws/build/decomp_ros_utils -- -j28 -l28
