[0.017s] Invoking command in '/home/light-sz02-liangpan/catkin_ws/Elastic-Tracker/ros2_tracker/build/tracker_fsm': CMAKE_PREFIX_PATH=/home/light-sz02-liangpan/catkin_ws/Elastic-Tracker/ros2_tracker/install/decomp_ros_utils:/home/light-sz02-liangpan/catkin_ws/Elastic-Tracker/ros2_tracker/install/traj_opt:/home/light-sz02-liangpan/catkin_ws/Elastic-Tracker/ros2_tracker/install/quadrotor_msgs:/home/light-sz02-liangpan/catkin_ws/Elastic-Tracker/ros2_tracker/install/object_detection_msgs:/home/light-sz02-liangpan/catkin_ws/Elastic-Tracker/ros2_tracker/install/decomp_ros_msgs:/home/light-sz02-liangpan/catkin_ws/Elastic-Tracker/ros2_tracker/install/odom_visualization:/home/light-sz02-liangpan/catkin_ws/Elastic-Tracker/ros2_tracker/install/pose_utils:/opt/ros/humble LD_LIBRARY_PATH=/home/light-sz02-liangpan/catkin_ws/Elastic-Tracker/ros2_tracker/install/decomp_ros_utils/lib:/home/light-sz02-liangpan/catkin_ws/Elastic-Tracker/ros2_tracker/install/quadrotor_msgs/lib:/home/light-sz02-liangpan/catkin_ws/Elastic-Tracker/ros2_tracker/install/object_detection_msgs/lib:/home/light-sz02-liangpan/catkin_ws/Elastic-Tracker/ros2_tracker/install/decomp_ros_msgs/lib:/home/light-sz02-liangpan/catkin_ws/Elastic-Tracker/ros2_tracker/install/traj_opt/lib:/home/light-sz02-liangpan/catkin_ws/Elastic-Tracker/ros2_tracker/install/pose_utils/lib:/opt/ros/humble/opt/rviz_ogre_vendor/lib:/opt/ros/humble/lib/x86_64-linux-gnu:/opt/ros/humble/lib /usr/bin/cmake /home/light-sz02-liangpan/catkin_ws/Elastic-Tracker/ros2_tracker/src/tracker/tracker_fsm -DCMAKE_INSTALL_PREFIX=/home/light-sz02-liangpan/catkin_ws/Elastic-Tracker/ros2_tracker/install/tracker_fsm
[0.091s] -- The C compiler identification is GNU 11.4.0
[0.159s] -- The CXX compiler identification is GNU 11.4.0
[0.168s] -- Detecting C compiler ABI info
[0.269s] -- Detecting C compiler ABI info - done
[0.274s] -- Check for working C compiler: /usr/bin/cc - skipped
[0.274s] -- Detecting C compile features
[0.274s] -- Detecting C compile features - done
[0.278s] -- Detecting CXX compiler ABI info
[0.345s] -- Detecting CXX compiler ABI info - done
[0.350s] -- Check for working CXX compiler: /usr/bin/c++ - skipped
[0.350s] -- Detecting CXX compile features
[0.351s] -- Detecting CXX compile features - done
[0.353s] -- Found ament_cmake: 1.3.12 (/opt/ros/humble/share/ament_cmake/cmake)
[0.471s] -- Found Python3: /usr/bin/python3 (found version "3.10.12") found components: Interpreter 
[0.565s] -- Found rclcpp: 16.0.17 (/opt/ros/humble/share/rclcpp/cmake)
[0.607s] -- Found rosidl_generator_c: 3.1.8 (/opt/ros/humble/share/rosidl_generator_c/cmake)
[0.612s] -- Found rosidl_adapter: 3.1.8 (/opt/ros/humble/share/rosidl_adapter/cmake)
[0.620s] -- Found rosidl_generator_cpp: 3.1.8 (/opt/ros/humble/share/rosidl_generator_cpp/cmake)
[0.631s] -- Using all available rosidl_typesupport_c: rosidl_typesupport_fastrtps_c;rosidl_typesupport_introspection_c
[0.646s] -- Using all available rosidl_typesupport_cpp: rosidl_typesupport_fastrtps_cpp;rosidl_typesupport_introspection_cpp
[0.693s] -- Found rmw_implementation_cmake: 6.1.2 (/opt/ros/humble/share/rmw_implementation_cmake/cmake)
[0.696s] -- Found rmw_cyclonedds_cpp: 1.3.4 (/opt/ros/humble/share/rmw_cyclonedds_cpp/cmake)
[0.718s] -- Using RMW implementation 'rmw_cyclonedds_cpp' as default
[0.727s] -- Looking for pthread.h
[0.801s] -- Looking for pthread.h - found
[0.801s] -- Performing Test CMAKE_HAVE_LIBC_PTHREAD
[0.883s] -- Performing Test CMAKE_HAVE_LIBC_PTHREAD - Success
[0.885s] -- Found Threads: TRUE  
[0.928s] -- Found nav_msgs: 4.9.0 (/opt/ros/humble/share/nav_msgs/cmake)
[0.953s] -- Found sensor_msgs: 4.9.0 (/opt/ros/humble/share/sensor_msgs/cmake)
[0.967s] -- Found visualization_msgs: 4.9.0 (/opt/ros/humble/share/visualization_msgs/cmake)
[0.982s] -- Found quadrotor_msgs: 0.0.0 (/home/light-sz02-liangpan/catkin_ws/Elastic-Tracker/ros2_tracker/install/quadrotor_msgs/share/quadrotor_msgs/cmake)
[1.002s] -- Found object_detection_msgs: 0.0.0 (/home/light-sz02-liangpan/catkin_ws/Elastic-Tracker/ros2_tracker/install/object_detection_msgs/share/object_detection_msgs/cmake)
[1.014s] -- Found decomp_ros_msgs: 0.0.0 (/home/light-sz02-liangpan/catkin_ws/Elastic-Tracker/ros2_tracker/install/decomp_ros_msgs/share/decomp_ros_msgs/cmake)
[1.027s] -- Found decomp_ros_utils: 0.0.0 (/home/light-sz02-liangpan/catkin_ws/Elastic-Tracker/ros2_tracker/install/decomp_ros_utils/share/decomp_ros_utils/cmake)
[1.029s] -- Found traj_opt: 0.0.0 (/home/light-sz02-liangpan/catkin_ws/Elastic-Tracker/ros2_tracker/install/traj_opt/share/traj_opt/cmake)
[1.037s] -- Found message_filters: 4.3.11 (/opt/ros/humble/share/message_filters/cmake)
[1.045s] -- Found cv_bridge: 3.2.1 (/opt/ros/humble/share/cv_bridge/cmake)
[1.059s] -- Found pcl_conversions: 2.4.5 (/opt/ros/humble/share/pcl_conversions/cmake)
[1.108s] -- Checking for module 'eigen3'
[1.117s] --   Found eigen3, version 3.4.0
[1.139s] -- Found Eigen: /usr/include/eigen3 (Required is at least version "3.1") 
[1.139s] -- Eigen found (include: /usr/include/eigen3, version: 3.4.0)
[1.183s] -- Checking for module 'flann'
[1.192s] --   Found flann, version 1.9.1
[1.237s] -- Found FLANN: /usr/lib/x86_64-linux-gnu/libflann_cpp.so  
[1.237s] -- FLANN found (include: /usr/include, lib: /usr/lib/x86_64-linux-gnu/libflann_cpp.so)
[2.305s] -- Checking for module 'libusb-1.0'
[2.319s] --   Found libusb-1.0, version 1.0.25
[2.374s] -- Found libusb: /usr/lib/x86_64-linux-gnu/libusb-1.0.so  
[2.377s] -- OpenNI found (version: 1.5.4.0, include: /usr/include/ni, lib: /usr/lib/libOpenNI.so;libusb::libusb)
[2.448s] -- OpenNI2 found (version: 2.2.0.33, include: /usr/include/openni2, lib: /usr/lib/x86_64-linux-gnu/libOpenNI2.so;libusb::libusb)
[2.573s] -- Eigen found (include: /usr/include/eigen3, version: 3.4.0)
[2.578s] -- OpenNI found (version: 1.5.4.0, include: /usr/include/ni, lib: /usr/lib/libOpenNI.so;libusb::libusb)
[2.583s] -- OpenNI2 found (version: 2.2.0.33, include: /usr/include/openni2, lib: /usr/lib/x86_64-linux-gnu/libOpenNI2.so;libusb::libusb)
[2.699s] -- Found Qhull version 8.0.2
[2.812s] -- OpenNI found (version: 1.5.4.0, include: /usr/include/ni, lib: /usr/lib/libOpenNI.so;libusb::libusb)
[2.924s] -- Found PCL_COMMON: /usr/lib/x86_64-linux-gnu/libpcl_common.so  
[2.929s] -- Found PCL_KDTREE: /usr/lib/x86_64-linux-gnu/libpcl_kdtree.so  
[2.930s] -- Found PCL_OCTREE: /usr/lib/x86_64-linux-gnu/libpcl_octree.so  
[2.930s] -- Found PCL_SEARCH: /usr/lib/x86_64-linux-gnu/libpcl_search.so  
[2.931s] -- Found PCL_SAMPLE_CONSENSUS: /usr/lib/x86_64-linux-gnu/libpcl_sample_consensus.so  
[2.931s] -- Found PCL_FILTERS: /usr/lib/x86_64-linux-gnu/libpcl_filters.so  
[2.932s] -- Found PCL_2D: /usr/include/pcl-1.12  
[2.932s] -- Found PCL_GEOMETRY: /usr/include/pcl-1.12  
[2.932s] -- Found PCL_IO: /usr/lib/x86_64-linux-gnu/libpcl_io.so  
[2.933s] -- Found PCL_FEATURES: /usr/lib/x86_64-linux-gnu/libpcl_features.so  
[2.934s] -- Found PCL_ML: /usr/lib/x86_64-linux-gnu/libpcl_ml.so  
[2.934s] -- Found PCL_SEGMENTATION: /usr/lib/x86_64-linux-gnu/libpcl_segmentation.so  
[2.935s] -- Found PCL_VISUALIZATION: /usr/lib/x86_64-linux-gnu/libpcl_visualization.so  
[2.935s] -- Found PCL_SURFACE: /usr/lib/x86_64-linux-gnu/libpcl_surface.so  
[2.936s] -- Found PCL_REGISTRATION: /usr/lib/x86_64-linux-gnu/libpcl_registration.so  
[2.937s] -- Found PCL_KEYPOINTS: /usr/lib/x86_64-linux-gnu/libpcl_keypoints.so  
[2.937s] -- Found PCL_TRACKING: /usr/lib/x86_64-linux-gnu/libpcl_tracking.so  
[2.938s] -- Found PCL_RECOGNITION: /usr/lib/x86_64-linux-gnu/libpcl_recognition.so  
[2.938s] -- Found PCL_STEREO: /usr/lib/x86_64-linux-gnu/libpcl_stereo.so  
[2.939s] -- Found PCL_APPS: /usr/lib/x86_64-linux-gnu/libpcl_apps.so  
[2.940s] -- Found PCL_IN_HAND_SCANNER: /usr/include/pcl-1.12  
[2.940s] -- Found PCL_MODELER: /usr/include/pcl-1.12  
[2.940s] -- Found PCL_POINT_CLOUD_EDITOR: /usr/include/pcl-1.12  
[2.941s] -- Found PCL_OUTOFCORE: /usr/lib/x86_64-linux-gnu/libpcl_outofcore.so  
[2.942s] -- Found PCL_PEOPLE: /usr/lib/x86_64-linux-gnu/libpcl_people.so  
[2.944s] -- Found tf2_ros: 0.25.18 (/opt/ros/humble/share/tf2_ros/cmake)
[3.026s] CMake Warning (dev) at CMakeLists.txt:32 (find_package):
[3.026s]   Policy CMP0074 is not set: find_package uses <PackageName>_ROOT variables.
[3.026s]   Run "cmake --help-policy CMP0074" for policy details.  Use the cmake_policy
[3.026s]   command to set the policy and suppress this warning.
[3.026s] 
[3.026s]   CMake variable PCL_ROOT is set to:
[3.026s] 
[3.026s]     /usr
[3.026s] 
[3.026s]   For compatibility, CMake is ignoring the variable.
[3.026s] This warning is for project developers.  Use -Wno-dev to suppress it.
[3.026s] 
[3.033s] -- Found ament_lint_auto: 0.12.14 (/opt/ros/humble/share/ament_lint_auto/cmake)
[3.120s] -- Added test 'cppcheck' to perform static code analysis on C / C++ code
[3.121s] -- Configured cppcheck include dirs: /home/light-sz02-liangpan/catkin_ws/Elastic-Tracker/ros2_tracker/src/tracker/tracker_fsm/include
[3.121s] -- Configured cppcheck exclude dirs and/or files: 
[3.121s] -- Added test 'flake8' to check Python code syntax and style conventions
[3.122s] -- Added test 'lint_cmake' to check CMake code style
[3.122s] -- Added test 'pep257' to check Python code against some of the docstring style conventions in PEP 257
[3.123s] -- Added test 'uncrustify' to check C / C++ code style
[3.123s] -- Configured uncrustify additional arguments: 
[3.123s] -- Added test 'xmllint' to check XML markup files
[3.125s] -- Configuring done
[3.458s] -- Generating done
[3.473s] -- Build files have been written to: /home/light-sz02-liangpan/catkin_ws/Elastic-Tracker/ros2_tracker/build/tracker_fsm
[3.485s] Invoked command in '/home/light-sz02-liangpan/catkin_ws/Elastic-Tracker/ros2_tracker/build/tracker_fsm' returned '0': CMAKE_PREFIX_PATH=/home/light-sz02-liangpan/catkin_ws/Elastic-Tracker/ros2_tracker/install/decomp_ros_utils:/home/light-sz02-liangpan/catkin_ws/Elastic-Tracker/ros2_tracker/install/traj_opt:/home/light-sz02-liangpan/catkin_ws/Elastic-Tracker/ros2_tracker/install/quadrotor_msgs:/home/light-sz02-liangpan/catkin_ws/Elastic-Tracker/ros2_tracker/install/object_detection_msgs:/home/light-sz02-liangpan/catkin_ws/Elastic-Tracker/ros2_tracker/install/decomp_ros_msgs:/home/light-sz02-liangpan/catkin_ws/Elastic-Tracker/ros2_tracker/install/odom_visualization:/home/light-sz02-liangpan/catkin_ws/Elastic-Tracker/ros2_tracker/install/pose_utils:/opt/ros/humble LD_LIBRARY_PATH=/home/light-sz02-liangpan/catkin_ws/Elastic-Tracker/ros2_tracker/install/decomp_ros_utils/lib:/home/light-sz02-liangpan/catkin_ws/Elastic-Tracker/ros2_tracker/install/quadrotor_msgs/lib:/home/light-sz02-liangpan/catkin_ws/Elastic-Tracker/ros2_tracker/install/object_detection_msgs/lib:/home/light-sz02-liangpan/catkin_ws/Elastic-Tracker/ros2_tracker/install/decomp_ros_msgs/lib:/home/light-sz02-liangpan/catkin_ws/Elastic-Tracker/ros2_tracker/install/traj_opt/lib:/home/light-sz02-liangpan/catkin_ws/Elastic-Tracker/ros2_tracker/install/pose_utils/lib:/opt/ros/humble/opt/rviz_ogre_vendor/lib:/opt/ros/humble/lib/x86_64-linux-gnu:/opt/ros/humble/lib /usr/bin/cmake /home/light-sz02-liangpan/catkin_ws/Elastic-Tracker/ros2_tracker/src/tracker/tracker_fsm -DCMAKE_INSTALL_PREFIX=/home/light-sz02-liangpan/catkin_ws/Elastic-Tracker/ros2_tracker/install/tracker_fsm
[3.487s] Invoking command in '/home/light-sz02-liangpan/catkin_ws/Elastic-Tracker/ros2_tracker/build/tracker_fsm': CMAKE_PREFIX_PATH=/home/light-sz02-liangpan/catkin_ws/Elastic-Tracker/ros2_tracker/install/decomp_ros_utils:/home/light-sz02-liangpan/catkin_ws/Elastic-Tracker/ros2_tracker/install/traj_opt:/home/light-sz02-liangpan/catkin_ws/Elastic-Tracker/ros2_tracker/install/quadrotor_msgs:/home/light-sz02-liangpan/catkin_ws/Elastic-Tracker/ros2_tracker/install/object_detection_msgs:/home/light-sz02-liangpan/catkin_ws/Elastic-Tracker/ros2_tracker/install/decomp_ros_msgs:/home/light-sz02-liangpan/catkin_ws/Elastic-Tracker/ros2_tracker/install/odom_visualization:/home/light-sz02-liangpan/catkin_ws/Elastic-Tracker/ros2_tracker/install/pose_utils:/opt/ros/humble LD_LIBRARY_PATH=/home/light-sz02-liangpan/catkin_ws/Elastic-Tracker/ros2_tracker/install/decomp_ros_utils/lib:/home/light-sz02-liangpan/catkin_ws/Elastic-Tracker/ros2_tracker/install/quadrotor_msgs/lib:/home/light-sz02-liangpan/catkin_ws/Elastic-Tracker/ros2_tracker/install/object_detection_msgs/lib:/home/light-sz02-liangpan/catkin_ws/Elastic-Tracker/ros2_tracker/install/decomp_ros_msgs/lib:/home/light-sz02-liangpan/catkin_ws/Elastic-Tracker/ros2_tracker/install/traj_opt/lib:/home/light-sz02-liangpan/catkin_ws/Elastic-Tracker/ros2_tracker/install/pose_utils/lib:/opt/ros/humble/opt/rviz_ogre_vendor/lib:/opt/ros/humble/lib/x86_64-linux-gnu:/opt/ros/humble/lib /usr/bin/cmake --build /home/light-sz02-liangpan/catkin_ws/Elastic-Tracker/ros2_tracker/build/tracker_fsm -- -j32 -l32
[3.547s] [ 10%] Building CXX object CMakeFiles/tracker_fsm_lib.dir/src/mapping.cc.o
[3.547s] [ 20%] Building CXX object CMakeFiles/tracker_fsm_lib.dir/src/occ_grid_mapper.cpp.o
[3.547s] [ 40%] Building CXX object CMakeFiles/tracker_fsm_lib.dir/src/tracking_visualization.cpp.o
[3.547s] [ 40%] Building CXX object CMakeFiles/tracker_fsm_lib.dir/src/target_ekf.cpp.o
[3.547s] [ 50%] Building CXX object CMakeFiles/tracker_fsm_lib.dir/src/tracking_fsm.cpp.o
[3.548s] [ 60%] Building CXX object CMakeFiles/traj_server.dir/src/traj_server.cpp.o
[5.258s] In file included from /home/light-sz02-liangpan/catkin_ws/Elastic-Tracker/ros2_tracker/src/tracker/tracker_fsm/src/mapping.cc:1:
[5.258s] /home/light-sz02-liangpan/catkin_ws/Elastic-Tracker/ros2_tracker/src/tracker/tracker_fsm/include/tracker_fsm/mapping.h:21:10: warning: type qualifiers ignored on function return type [-Wignored-qualifiers]
[5.258s]    21 |   inline const int idx2add(int x, int N) const {
[5.258s]       |          ^~~~~
[5.273s] /home/light-sz02-liangpan/catkin_ws/Elastic-Tracker/ros2_tracker/src/tracker/tracker_fsm/include/tracker_fsm/mapping.h:124:10: warning: type qualifiers ignored on function return type [-Wignored-qualifiers]
[5.273s]   124 |   inline const bool isInMap(const Eigen::Vector3i& id) const {
[5.273s]       |          ^~~~~
[5.273s] /home/light-sz02-liangpan/catkin_ws/Elastic-Tracker/ros2_tracker/src/tracker/tracker_fsm/include/tracker_fsm/mapping.h:129:10: warning: type qualifiers ignored on function return type [-Wignored-qualifiers]
[5.273s]   129 |   inline const bool isInMap(const Eigen::Vector3d& p) const {
[5.273s]       |          ^~~~~
[5.273s] /home/light-sz02-liangpan/catkin_ws/Elastic-Tracker/ros2_tracker/src/tracker/tracker_fsm/include/tracker_fsm/mapping.h:132:10: warning: type qualifiers ignored on function return type [-Wignored-qualifiers]
[5.273s]   132 |   inline const bool isInSmallMap(const Eigen::Vector3i& id) const {
[5.273s]       |          ^~~~~
[5.273s] /home/light-sz02-liangpan/catkin_ws/Elastic-Tracker/ros2_tracker/src/tracker/tracker_fsm/include/tracker_fsm/mapping.h:137:10: warning: type qualifiers ignored on function return type [-Wignored-qualifiers]
[5.273s]   137 |   inline const bool isInSmallMap(const Eigen::Vector3d& p) const {
[5.273s]       |          ^~~~~
[5.274s] /home/light-sz02-liangpan/catkin_ws/Elastic-Tracker/ros2_tracker/src/tracker/tracker_fsm/include/tracker_fsm/mapping.h:241:10: warning: type qualifiers ignored on function return type [-Wignored-qualifiers]
[5.274s]   241 |   inline const bool isOccupied(const Eigen::Vector3i& id) const {
[5.274s]       |          ^~~~~
[5.274s] /home/light-sz02-liangpan/catkin_ws/Elastic-Tracker/ros2_tracker/src/tracker/tracker_fsm/include/tracker_fsm/mapping.h:244:10: warning: type qualifiers ignored on function return type [-Wignored-qualifiers]
[5.274s]   244 |   inline const bool isOccupied(const Eigen::Vector3d& p) const {
[5.274s]       |          ^~~~~
[5.275s] /home/light-sz02-liangpan/catkin_ws/Elastic-Tracker/ros2_tracker/src/tracker/tracker_fsm/include/tracker_fsm/mapping.h:247:10: warning: type qualifiers ignored on function return type [-Wignored-qualifiers]
[5.275s]   247 |   inline const bool isUnKnown(const Eigen::Vector3i& id) const {
[5.275s]       |          ^~~~~
[5.275s] /home/light-sz02-liangpan/catkin_ws/Elastic-Tracker/ros2_tracker/src/tracker/tracker_fsm/include/tracker_fsm/mapping.h:250:10: warning: type qualifiers ignored on function return type [-Wignored-qualifiers]
[5.275s]   250 |   inline const bool isUnKnown(const Eigen::Vector3d& p) const {
[5.275s]       |          ^~~~~
[5.998s] /home/light-sz02-liangpan/catkin_ws/Elastic-Tracker/ros2_tracker/src/tracker/tracker_fsm/src/target_ekf.cpp: In member function ‘void tracker::TargetEkf::init(rclcpp::Node::SharedPtr)’:
[5.999s] /home/light-sz02-liangpan/catkin_ws/Elastic-Tracker/ros2_tracker/src/tracker/tracker_fsm/src/target_ekf.cpp:13:89: error: no match for ‘operator&&’ (operand types are ‘std::vector<double, std::allocator<double> >’ and ‘bool’)
[5.999s]    13 |   if (node->declare_parameter<std::vector<double>>("cam2body_R", std::vector<double>()) &&
[5.999s]       |       ~~~~~~~~~~~~~~~~~~~~~~~~~~~~~~~~~~~~~~~~~~~~~~~~~~~~~~~~~~~~~~~~~~~~~~~~~~~~~~~~~ ^~
[5.999s]       |                                                   |
[5.999s]       |                                                   std::vector<double, std::allocator<double> >
[5.999s]    14 |       node->get_parameter("cam2body_R", tmp) && !tmp.empty()) {
[5.999s]       |       ~~~~~~~~~~~~~~~~~~~~~~~~~~~~~~~~~~~~~~                                             
[5.999s]       |                          |
[5.999s]       |                          bool
[5.999s] /home/light-sz02-liangpan/catkin_ws/Elastic-Tracker/ros2_tracker/src/tracker/tracker_fsm/src/target_ekf.cpp:13:89: note: candidate: ‘operator&&(bool, bool)’ (built-in)
[5.999s]    13 |   if (node->declare_parameter<std::vector<double>>("cam2body_R", std::vector<double>()) &&
[5.999s]       |       ~~~~~~~~~~~~~~~~~~~~~~~~~~~~~~~~~~~~~~~~~~~~~~~~~~~~~~~~~~~~~~~~~~~~~~~~~~~~~~~~~~^~
[5.999s]    14 |       node->get_parameter("cam2body_R", tmp) && !tmp.empty()) {
[5.999s]       |       ~~~~~~~~~~~~~~~~~~~~~~~~~~~~~~~~~~~~~~                                             
[5.999s] /home/light-sz02-liangpan/catkin_ws/Elastic-Tracker/ros2_tracker/src/tracker/tracker_fsm/src/target_ekf.cpp:13:89: note:   no known conversion for argument 1 from ‘std::vector<double, std::allocator<double> >’ to ‘bool’
[6.012s] /home/light-sz02-liangpan/catkin_ws/Elastic-Tracker/ros2_tracker/src/tracker/tracker_fsm/src/target_ekf.cpp:17:89: error: no match for ‘operator&&’ (operand types are ‘std::vector<double, std::allocator<double> >’ and ‘bool’)
[6.012s]    17 |   if (node->declare_parameter<std::vector<double>>("cam2body_p", std::vector<double>()) &&
[6.013s]       |       ~~~~~~~~~~~~~~~~~~~~~~~~~~~~~~~~~~~~~~~~~~~~~~~~~~~~~~~~~~~~~~~~~~~~~~~~~~~~~~~~~ ^~
[6.013s]       |                                                   |
[6.013s]       |                                                   std::vector<double, std::allocator<double> >
[6.013s]    18 |       node->get_parameter("cam2body_p", tmp) && !tmp.empty()) {
[6.013s]       |       ~~~~~~~~~~~~~~~~~~~~~~~~~~~~~~~~~~~~~~                                             
[6.013s]       |                          |
[6.013s]       |                          bool
[6.013s] /home/light-sz02-liangpan/catkin_ws/Elastic-Tracker/ros2_tracker/src/tracker/tracker_fsm/src/target_ekf.cpp:17:89: note: candidate: ‘operator&&(bool, bool)’ (built-in)
[6.013s]    17 |   if (node->declare_parameter<std::vector<double>>("cam2body_p", std::vector<double>()) &&
[6.013s]       |       ~~~~~~~~~~~~~~~~~~~~~~~~~~~~~~~~~~~~~~~~~~~~~~~~~~~~~~~~~~~~~~~~~~~~~~~~~~~~~~~~~~^~
[6.013s]    18 |       node->get_parameter("cam2body_p", tmp) && !tmp.empty()) {
[6.013s]       |       ~~~~~~~~~~~~~~~~~~~~~~~~~~~~~~~~~~~~~~                                             
[6.013s] /home/light-sz02-liangpan/catkin_ws/Elastic-Tracker/ros2_tracker/src/tracker/tracker_fsm/src/target_ekf.cpp:17:89: note:   no known conversion for argument 1 from ‘std::vector<double, std::allocator<double> >’ to ‘bool’
[6.329s] /home/light-sz02-liangpan/catkin_ws/Elastic-Tracker/ros2_tracker/src/tracker/tracker_fsm/src/traj_server.cpp: In member function ‘void TrajServer::heartbeatCallback(std_msgs::msg::Empty_<std::allocator<void> >::SharedPtr)’:
[6.330s] /home/light-sz02-liangpan/catkin_ws/Elastic-Tracker/ros2_tracker/src/tracker/tracker_fsm/src/traj_server.cpp:119:64: warning: unused parameter ‘msg’ [-Wunused-parameter]
[6.330s]   119 |   void heartbeatCallback(const std_msgs::msg::Empty::SharedPtr msg) {
[6.330s]       |                          ~~~~~~~~~~~~~~~~~~~~~~~~~~~~~~~~~~~~~~^~~
[6.619s] In file included from /home/light-sz02-liangpan/catkin_ws/Elastic-Tracker/ros2_tracker/src/tracker/tracker_fsm/include/tracker_fsm/tracking_fsm.h:10,
[6.619s]                  from /home/light-sz02-liangpan/catkin_ws/Elastic-Tracker/ros2_tracker/src/tracker/tracker_fsm/src/tracking_fsm.cpp:1:
[6.620s] /home/light-sz02-liangpan/catkin_ws/Elastic-Tracker/ros2_tracker/src/tracker/tracker_fsm/include/tracker_fsm/mapping.h:21:10: warning: type qualifiers ignored on function return type [-Wignored-qualifiers]
[6.620s]    21 |   inline const int idx2add(int x, int N) const {
[6.620s]       |          ^~~~~
[6.633s] /home/light-sz02-liangpan/catkin_ws/Elastic-Tracker/ros2_tracker/src/tracker/tracker_fsm/include/tracker_fsm/mapping.h:124:10: warning: type qualifiers ignored on function return type [-Wignored-qualifiers]
[6.633s]   124 |   inline const bool isInMap(const Eigen::Vector3i& id) const {
[6.633s]       |          ^~~~~
[6.633s] /home/light-sz02-liangpan/catkin_ws/Elastic-Tracker/ros2_tracker/src/tracker/tracker_fsm/include/tracker_fsm/mapping.h:129:10: warning: type qualifiers ignored on function return type [-Wignored-qualifiers]
[6.633s]   129 |   inline const bool isInMap(const Eigen::Vector3d& p) const {
[6.633s]       |          ^~~~~
[6.633s] /home/light-sz02-liangpan/catkin_ws/Elastic-Tracker/ros2_tracker/src/tracker/tracker_fsm/include/tracker_fsm/mapping.h:132:10: warning: type qualifiers ignored on function return type [-Wignored-qualifiers]
[6.633s]   132 |   inline const bool isInSmallMap(const Eigen::Vector3i& id) const {
[6.633s]       |          ^~~~~
[6.633s] /home/light-sz02-liangpan/catkin_ws/Elastic-Tracker/ros2_tracker/src/tracker/tracker_fsm/include/tracker_fsm/mapping.h:137:10: warning: type qualifiers ignored on function return type [-Wignored-qualifiers]
[6.633s]   137 |   inline const bool isInSmallMap(const Eigen::Vector3d& p) const {
[6.633s]       |          ^~~~~
[6.635s] /home/light-sz02-liangpan/catkin_ws/Elastic-Tracker/ros2_tracker/src/tracker/tracker_fsm/include/tracker_fsm/mapping.h:241:10: warning: type qualifiers ignored on function return type [-Wignored-qualifiers]
[6.635s]   241 |   inline const bool isOccupied(const Eigen::Vector3i& id) const {
[6.635s]       |          ^~~~~
[6.635s] /home/light-sz02-liangpan/catkin_ws/Elastic-Tracker/ros2_tracker/src/tracker/tracker_fsm/include/tracker_fsm/mapping.h:244:10: warning: type qualifiers ignored on function return type [-Wignored-qualifiers]
[6.635s]   244 |   inline const bool isOccupied(const Eigen::Vector3d& p) const {
[6.635s]       |          ^~~~~
[6.635s] /home/light-sz02-liangpan/catkin_ws/Elastic-Tracker/ros2_tracker/src/tracker/tracker_fsm/include/tracker_fsm/mapping.h:247:10: warning: type qualifiers ignored on function return type [-Wignored-qualifiers]
[6.635s]   247 |   inline const bool isUnKnown(const Eigen::Vector3i& id) const {
[6.635s]       |          ^~~~~
[6.635s] /home/light-sz02-liangpan/catkin_ws/Elastic-Tracker/ros2_tracker/src/tracker/tracker_fsm/include/tracker_fsm/mapping.h:250:10: warning: type qualifiers ignored on function return type [-Wignored-qualifiers]
[6.635s]   250 |   inline const bool isUnKnown(const Eigen::Vector3d& p) const {
[6.635s]       |          ^~~~~
[7.297s] In file included from /home/light-sz02-liangpan/catkin_ws/Elastic-Tracker/ros2_tracker/src/tracker/tracker_fsm/include/tracker_fsm/occ_grid_mapper.h:14,
[7.297s]                  from /home/light-sz02-liangpan/catkin_ws/Elastic-Tracker/ros2_tracker/src/tracker/tracker_fsm/src/occ_grid_mapper.cpp:1:
[7.297s] /home/light-sz02-liangpan/catkin_ws/Elastic-Tracker/ros2_tracker/src/tracker/tracker_fsm/include/tracker_fsm/mapping.h:21:10: warning: type qualifiers ignored on function return type [-Wignored-qualifiers]
[7.297s]    21 |   inline const int idx2add(int x, int N) const {
[7.297s]       |          ^~~~~
[7.301s] /home/light-sz02-liangpan/catkin_ws/Elastic-Tracker/ros2_tracker/src/tracker/tracker_fsm/include/tracker_fsm/mapping.h:124:10: warning: type qualifiers ignored on function return type [-Wignored-qualifiers]
[7.301s]   124 |   inline const bool isInMap(const Eigen::Vector3i& id) const {
[7.301s]       |          ^~~~~
[7.301s] /home/light-sz02-liangpan/catkin_ws/Elastic-Tracker/ros2_tracker/src/tracker/tracker_fsm/include/tracker_fsm/mapping.h:129:10: warning: type qualifiers ignored on function return type [-Wignored-qualifiers]
[7.301s]   129 |   inline const bool isInMap(const Eigen::Vector3d& p) const {
[7.301s]       |          ^~~~~
[7.301s] /home/light-sz02-liangpan/catkin_ws/Elastic-Tracker/ros2_tracker/src/tracker/tracker_fsm/include/tracker_fsm/mapping.h:132:10: warning: type qualifiers ignored on function return type [-Wignored-qualifiers]
[7.301s]   132 |   inline const bool isInSmallMap(const Eigen::Vector3i& id) const {
[7.301s]       |          ^~~~~
[7.301s] /home/light-sz02-liangpan/catkin_ws/Elastic-Tracker/ros2_tracker/src/tracker/tracker_fsm/include/tracker_fsm/mapping.h:137:10: warning: type qualifiers ignored on function return type [-Wignored-qualifiers]
[7.302s]   137 |   inline const bool isInSmallMap(const Eigen::Vector3d& p) const {
[7.302s]       |          ^~~~~
[7.302s] /home/light-sz02-liangpan/catkin_ws/Elastic-Tracker/ros2_tracker/src/tracker/tracker_fsm/include/tracker_fsm/mapping.h:241:10: warning: type qualifiers ignored on function return type [-Wignored-qualifiers]
[7.303s]   241 |   inline const bool isOccupied(const Eigen::Vector3i& id) const {
[7.303s]       |          ^~~~~
[7.303s] /home/light-sz02-liangpan/catkin_ws/Elastic-Tracker/ros2_tracker/src/tracker/tracker_fsm/include/tracker_fsm/mapping.h:244:10: warning: type qualifiers ignored on function return type [-Wignored-qualifiers]
[7.303s]   244 |   inline const bool isOccupied(const Eigen::Vector3d& p) const {
[7.303s]       |          ^~~~~
[7.303s] /home/light-sz02-liangpan/catkin_ws/Elastic-Tracker/ros2_tracker/src/tracker/tracker_fsm/include/tracker_fsm/mapping.h:247:10: warning: type qualifiers ignored on function return type [-Wignored-qualifiers]
[7.303s]   247 |   inline const bool isUnKnown(const Eigen::Vector3i& id) const {
[7.303s]       |          ^~~~~
[7.303s] /home/light-sz02-liangpan/catkin_ws/Elastic-Tracker/ros2_tracker/src/tracker/tracker_fsm/include/tracker_fsm/mapping.h:250:10: warning: type qualifiers ignored on function return type [-Wignored-qualifiers]
[7.303s]   250 |   inline const bool isUnKnown(const Eigen::Vector3d& p) const {
[7.303s]       |          ^~~~~
[7.565s] /home/light-sz02-liangpan/catkin_ws/Elastic-Tracker/ros2_tracker/src/tracker/tracker_fsm/src/occ_grid_mapper.cpp: In member function ‘void tracker::OccGridMapper::init(rclcpp::Node::SharedPtr)’:
[7.566s] /home/light-sz02-liangpan/catkin_ws/Elastic-Tracker/ros2_tracker/src/tracker/tracker_fsm/src/occ_grid_mapper.cpp:15:90: error: no match for ‘operator&&’ (operand types are ‘std::vector<double, std::allocator<double> >’ and ‘bool’)
[7.566s]    15 |   if (node_->declare_parameter<std::vector<double>>("cam2body_R", std::vector<double>()) &&
[7.566s]       |       ~~~~~~~~~~~~~~~~~~~~~~~~~~~~~~~~~~~~~~~~~~~~~~~~~~~~~~~~~~~~~~~~~~~~~~~~~~~~~~~~~~ ^~
[7.566s]       |                                                    |
[7.566s]       |                                                    std::vector<double, std::allocator<double> >
[7.566s]    16 |       node_->get_parameter("cam2body_R", tmp) && tmp.size() == 9) {
[7.566s]       |       ~~~~~~~~~~~~~~~~~~~~~~~~~~~~~~~~~~~~~~~                                             
[7.566s]       |                           |
[7.566s]       |                           bool
[7.566s] /home/light-sz02-liangpan/catkin_ws/Elastic-Tracker/ros2_tracker/src/tracker/tracker_fsm/src/occ_grid_mapper.cpp:15:90: note: candidate: ‘operator&&(bool, bool)’ (built-in)
[7.566s]    15 |   if (node_->declare_parameter<std::vector<double>>("cam2body_R", std::vector<double>()) &&
[7.566s]       |       ~~~~~~~~~~~~~~~~~~~~~~~~~~~~~~~~~~~~~~~~~~~~~~~~~~~~~~~~~~~~~~~~~~~~~~~~~~~~~~~~~~~^~
[7.566s]    16 |       node_->get_parameter("cam2body_R", tmp) && tmp.size() == 9) {
[7.566s]       |       ~~~~~~~~~~~~~~~~~~~~~~~~~~~~~~~~~~~~~~~                                             
[7.566s] /home/light-sz02-liangpan/catkin_ws/Elastic-Tracker/ros2_tracker/src/tracker/tracker_fsm/src/occ_grid_mapper.cpp:15:90: note:   no known conversion for argument 1 from ‘std::vector<double, std::allocator<double> >’ to ‘bool’
[7.580s] /home/light-sz02-liangpan/catkin_ws/Elastic-Tracker/ros2_tracker/src/tracker/tracker_fsm/src/occ_grid_mapper.cpp:19:90: error: no match for ‘operator&&’ (operand types are ‘std::vector<double, std::allocator<double> >’ and ‘bool’)
[7.580s]    19 |   if (node_->declare_parameter<std::vector<double>>("cam2body_p", std::vector<double>()) &&
[7.580s]       |       ~~~~~~~~~~~~~~~~~~~~~~~~~~~~~~~~~~~~~~~~~~~~~~~~~~~~~~~~~~~~~~~~~~~~~~~~~~~~~~~~~~ ^~
[7.580s]       |                                                    |
[7.580s]       |                                                    std::vector<double, std::allocator<double> >
[7.580s]    20 |       node_->get_parameter("cam2body_p", tmp) && tmp.size() == 3) {
[7.580s]       |       ~~~~~~~~~~~~~~~~~~~~~~~~~~~~~~~~~~~~~~~                                             
[7.581s]       |                           |
[7.581s]       |                           bool
[7.581s] /home/light-sz02-liangpan/catkin_ws/Elastic-Tracker/ros2_tracker/src/tracker/tracker_fsm/src/occ_grid_mapper.cpp:19:90: note: candidate: ‘operator&&(bool, bool)’ (built-in)
[7.581s]    19 |   if (node_->declare_parameter<std::vector<double>>("cam2body_p", std::vector<double>()) &&
[7.581s]       |       ~~~~~~~~~~~~~~~~~~~~~~~~~~~~~~~~~~~~~~~~~~~~~~~~~~~~~~~~~~~~~~~~~~~~~~~~~~~~~~~~~~~^~
[7.581s]    20 |       node_->get_parameter("cam2body_p", tmp) && tmp.size() == 3) {
[7.581s]       |       ~~~~~~~~~~~~~~~~~~~~~~~~~~~~~~~~~~~~~~~                                             
[7.581s] /home/light-sz02-liangpan/catkin_ws/Elastic-Tracker/ros2_tracker/src/tracker/tracker_fsm/src/occ_grid_mapper.cpp:19:90: note:   no known conversion for argument 1 from ‘std::vector<double, std::allocator<double> >’ to ‘bool’
[10.141s] gmake[2]: *** [CMakeFiles/tracker_fsm_lib.dir/build.make:104：CMakeFiles/tracker_fsm_lib.dir/src/target_ekf.cpp.o] 错误 1
[10.141s] gmake[2]: *** 正在等待未完成的任务....
[11.580s] gmake[2]: *** [CMakeFiles/tracker_fsm_lib.dir/build.make:90：CMakeFiles/tracker_fsm_lib.dir/src/occ_grid_mapper.cpp.o] 错误 1
[23.693s] [ 70%] Linking CXX executable traj_server
[24.226s] [ 70%] Built target traj_server
[26.428s] In file included from /home/light-sz02-liangpan/catkin_ws/Elastic-Tracker/ros2_tracker/install/decomp_ros_utils/include/decomp_util/line_segment.h:8,
[26.428s]                  from /home/light-sz02-liangpan/catkin_ws/Elastic-Tracker/ros2_tracker/install/decomp_ros_utils/include/decomp_util/ellipsoid_decomp.h:9,
[26.428s]                  from /home/light-sz02-liangpan/catkin_ws/Elastic-Tracker/ros2_tracker/src/tracker/tracker_fsm/include/tracker_fsm/env.hpp:3,
[26.428s]                  from /home/light-sz02-liangpan/catkin_ws/Elastic-Tracker/ros2_tracker/src/tracker/tracker_fsm/include/tracker_fsm/tracking_fsm.h:14,
[26.428s]                  from /home/light-sz02-liangpan/catkin_ws/Elastic-Tracker/ros2_tracker/src/tracker/tracker_fsm/src/tracking_fsm.cpp:1:
[26.428s] /home/light-sz02-liangpan/catkin_ws/Elastic-Tracker/ros2_tracker/install/decomp_ros_utils/include/decomp_util/decomp_base.h: In instantiation of ‘void DecompBase<Dim>::shrink(double) [with int Dim = 3]’:
[26.428s] /home/light-sz02-liangpan/catkin_ws/Elastic-Tracker/ros2_tracker/install/decomp_ros_utils/include/decomp_util/decomp_base.h:59:18:   required from here
[26.428s] /home/light-sz02-liangpan/catkin_ws/Elastic-Tracker/ros2_tracker/install/decomp_ros_utils/include/decomp_util/decomp_base.h:59:32: warning: unused parameter ‘shrink_distance’ [-Wunused-parameter]
[26.428s]    59 |     virtual void shrink(double shrink_distance) {}
[26.428s]       |                         ~~~~~~~^~~~~~~~~~~~~~~
[53.196s] gmake[1]: *** [CMakeFiles/Makefile2:141：CMakeFiles/tracker_fsm_lib.dir/all] 错误 2
[53.196s] gmake: *** [Makefile:146：all] 错误 2
[53.198s] Invoked command in '/home/light-sz02-liangpan/catkin_ws/Elastic-Tracker/ros2_tracker/build/tracker_fsm' returned '2': CMAKE_PREFIX_PATH=/home/light-sz02-liangpan/catkin_ws/Elastic-Tracker/ros2_tracker/install/decomp_ros_utils:/home/light-sz02-liangpan/catkin_ws/Elastic-Tracker/ros2_tracker/install/traj_opt:/home/light-sz02-liangpan/catkin_ws/Elastic-Tracker/ros2_tracker/install/quadrotor_msgs:/home/light-sz02-liangpan/catkin_ws/Elastic-Tracker/ros2_tracker/install/object_detection_msgs:/home/light-sz02-liangpan/catkin_ws/Elastic-Tracker/ros2_tracker/install/decomp_ros_msgs:/home/light-sz02-liangpan/catkin_ws/Elastic-Tracker/ros2_tracker/install/odom_visualization:/home/light-sz02-liangpan/catkin_ws/Elastic-Tracker/ros2_tracker/install/pose_utils:/opt/ros/humble LD_LIBRARY_PATH=/home/light-sz02-liangpan/catkin_ws/Elastic-Tracker/ros2_tracker/install/decomp_ros_utils/lib:/home/light-sz02-liangpan/catkin_ws/Elastic-Tracker/ros2_tracker/install/quadrotor_msgs/lib:/home/light-sz02-liangpan/catkin_ws/Elastic-Tracker/ros2_tracker/install/object_detection_msgs/lib:/home/light-sz02-liangpan/catkin_ws/Elastic-Tracker/ros2_tracker/install/decomp_ros_msgs/lib:/home/light-sz02-liangpan/catkin_ws/Elastic-Tracker/ros2_tracker/install/traj_opt/lib:/home/light-sz02-liangpan/catkin_ws/Elastic-Tracker/ros2_tracker/install/pose_utils/lib:/opt/ros/humble/opt/rviz_ogre_vendor/lib:/opt/ros/humble/lib/x86_64-linux-gnu:/opt/ros/humble/lib /usr/bin/cmake --build /home/light-sz02-liangpan/catkin_ws/Elastic-Tracker/ros2_tracker/build/tracker_fsm -- -j32 -l32
