[0.009s] Invoking command in '/home/light-sz02-liangpan/catkin_ws/Elastic-Tracker/ros2_tracker/build/decomp_ros_utils': CMAKE_PREFIX_PATH=/home/light-sz02-liangpan/catkin_ws/Elastic-Tracker/ros2_tracker/install/decomp_ros_msgs:/home/light-sz02-liangpan/catkin_ws/Elastic-Tracker/ros2_tracker/install/traj_opt:/home/light-sz02-liangpan/catkin_ws/Elastic-Tracker/ros2_tracker/install/quadrotor_msgs:/home/light-sz02-liangpan/catkin_ws/Elastic-Tracker/ros2_tracker/install/pose_utils:/home/light-sz02-liangpan/catkin_ws/Elastic-Tracker/ros2_tracker/install/object_detection_msgs:/opt/ros/humble LD_LIBRARY_PATH=/home/light-sz02-liangpan/catkin_ws/Elastic-Tracker/ros2_tracker/install/decomp_ros_msgs/lib:/home/light-sz02-liangpan/catkin_ws/Elastic-Tracker/ros2_tracker/install/traj_opt/lib:/home/light-sz02-liangpan/catkin_ws/Elastic-Tracker/ros2_tracker/install/quadrotor_msgs/lib:/home/light-sz02-liangpan/catkin_ws/Elastic-Tracker/ros2_tracker/install/pose_utils/lib:/home/light-sz02-liangpan/catkin_ws/Elastic-Tracker/ros2_tracker/install/object_detection_msgs/lib:/opt/ros/humble/opt/rviz_ogre_vendor/lib:/opt/ros/humble/lib/x86_64-linux-gnu:/opt/ros/humble/lib /usr/bin/cmake --build /home/light-sz02-liangpan/catkin_ws/Elastic-Tracker/ros2_tracker/build/decomp_ros_utils -- -j32 -l32
[0.044s] [ 11%] Automatic MOC for target decomp_rviz_plugins
[0.415s] [ 11%] Built target decomp_rviz_plugins_autogen
[0.436s] [ 22%] Building CXX object CMakeFiles/decomp_rviz_plugins.dir/decomp_rviz_plugins_autogen/mocs_compilation.cpp.o
[0.437s] [ 33%] Building CXX object CMakeFiles/decomp_rviz_plugins.dir/src/bound_visual.cpp.o
[0.438s] [ 44%] Building CXX object CMakeFiles/decomp_rviz_plugins.dir/src/vector_visual.cpp.o
[0.438s] [ 55%] Building CXX object CMakeFiles/decomp_rviz_plugins.dir/src/mesh_visual.cpp.o
[0.439s] [ 66%] Building CXX object CMakeFiles/decomp_rviz_plugins.dir/src/polyhedron_array_display.cpp.o
[0.439s] [ 77%] Building CXX object CMakeFiles/decomp_rviz_plugins.dir/src/ellipsoid_array_visual.cpp.o
[0.440s] [ 88%] Building CXX object CMakeFiles/decomp_rviz_plugins.dir/src/ellipsoid_array_display.cpp.o
[0.670s] In file included from /home/light-sz02-liangpan/catkin_ws/Elastic-Tracker/ros2_tracker/src/planning/DecompROS/decomp_ros_utils/src/mesh_visual.cpp:1:
[0.670s] /home/light-sz02-liangpan/catkin_ws/Elastic-Tracker/ros2_tracker/src/planning/DecompROS/decomp_ros_utils/src/mesh_visual.h:11:10: fatal error: rviz_rendering/objects/mesh_shape.hpp: 没有那个文件或目录
[0.671s]    11 | #include <rviz_rendering/objects/mesh_shape.hpp>
[0.671s]       |          ^~~~~~~~~~~~~~~~~~~~~~~~~~~~~~~~~~~~~~~
[0.671s] compilation terminated.
[0.672s] gmake[2]: *** [CMakeFiles/decomp_rviz_plugins.dir/build.make:104：CMakeFiles/decomp_rviz_plugins.dir/src/mesh_visual.cpp.o] 错误 1
[0.672s] gmake[2]: *** 正在等待未完成的任务....
[0.885s] In file included from /home/light-sz02-liangpan/catkin_ws/Elastic-Tracker/ros2_tracker/build/decomp_ros_utils/decomp_rviz_plugins_autogen/UVLADIE3JM/../../../../src/planning/DecompROS/decomp_ros_utils/src/polyhedron_array_display.h:15,
[0.886s]                  from /home/light-sz02-liangpan/catkin_ws/Elastic-Tracker/ros2_tracker/build/decomp_ros_utils/decomp_rviz_plugins_autogen/UVLADIE3JM/moc_polyhedron_array_display.cpp:10,
[0.886s]                  from /home/light-sz02-liangpan/catkin_ws/Elastic-Tracker/ros2_tracker/build/decomp_ros_utils/decomp_rviz_plugins_autogen/mocs_compilation.cpp:3:
[0.886s] /home/light-sz02-liangpan/catkin_ws/Elastic-Tracker/ros2_tracker/build/decomp_ros_utils/decomp_rviz_plugins_autogen/UVLADIE3JM/../../../../src/planning/DecompROS/decomp_ros_utils/src/mesh_visual.h:11:10: fatal error: rviz_rendering/objects/mesh_shape.hpp: 没有那个文件或目录
[0.886s]    11 | #include <rviz_rendering/objects/mesh_shape.hpp>
[0.886s]       |          ^~~~~~~~~~~~~~~~~~~~~~~~~~~~~~~~~~~~~~~
[0.886s] compilation terminated.
[0.889s] gmake[2]: *** [CMakeFiles/decomp_rviz_plugins.dir/build.make:76：CMakeFiles/decomp_rviz_plugins.dir/decomp_rviz_plugins_autogen/mocs_compilation.cpp.o] 错误 1
[0.901s] /home/light-sz02-liangpan/catkin_ws/Elastic-Tracker/ros2_tracker/src/planning/DecompROS/decomp_ros_utils/src/ellipsoid_array_display.cpp:42:69: error: macro "RVIZ_COMMON_LOG_DEBUG" passed 3 arguments, but takes just 1
[0.901s]    42 |               msg->header.frame_id.c_str(), qPrintable(fixed_frame_));
[0.901s]       |                                                                     ^
[0.901s] In file included from /opt/ros/humble/include/rviz_common/rviz_common/factory/pluginlib_factory.hpp:48,
[0.901s]                  from /opt/ros/humble/include/rviz_common/rviz_common/transformation/transformation_manager.hpp:44,
[0.902s]                  from /opt/ros/humble/include/rviz_common/rviz_common/visualization_manager.hpp:47,
[0.902s]                  from /home/light-sz02-liangpan/catkin_ws/Elastic-Tracker/ros2_tracker/src/planning/DecompROS/decomp_ros_utils/src/ellipsoid_array_display.h:3,
[0.902s]                  from /home/light-sz02-liangpan/catkin_ws/Elastic-Tracker/ros2_tracker/src/planning/DecompROS/decomp_ros_utils/src/ellipsoid_array_display.cpp:1:
[0.902s] /opt/ros/humble/include/rviz_common/rviz_common/logging.hpp:62: note: macro "RVIZ_COMMON_LOG_DEBUG" defined here
[0.902s]    62 | #define RVIZ_COMMON_LOG_DEBUG(msg) do { \
[0.902s]       | 
[0.924s] In file included from /home/light-sz02-liangpan/catkin_ws/Elastic-Tracker/ros2_tracker/src/planning/DecompROS/decomp_ros_utils/src/polyhedron_array_display.h:15,
[0.924s]                  from /home/light-sz02-liangpan/catkin_ws/Elastic-Tracker/ros2_tracker/src/planning/DecompROS/decomp_ros_utils/src/polyhedron_array_display.cpp:1:
[0.924s] /home/light-sz02-liangpan/catkin_ws/Elastic-Tracker/ros2_tracker/src/planning/DecompROS/decomp_ros_utils/src/mesh_visual.h:11:10: fatal error: rviz_rendering/objects/mesh_shape.hpp: 没有那个文件或目录
[0.924s]    11 | #include <rviz_rendering/objects/mesh_shape.hpp>
[0.924s]       |          ^~~~~~~~~~~~~~~~~~~~~~~~~~~~~~~~~~~~~~~
[0.924s] compilation terminated.
[0.927s] gmake[2]: *** [CMakeFiles/decomp_rviz_plugins.dir/build.make:160：CMakeFiles/decomp_rviz_plugins.dir/src/polyhedron_array_display.cpp.o] 错误 1
[3.655s] /home/light-sz02-liangpan/catkin_ws/Elastic-Tracker/ros2_tracker/src/planning/DecompROS/decomp_ros_utils/src/ellipsoid_array_display.cpp: In member function ‘void decomp_rviz_plugins::EllipsoidArrayDisplay::processMessage(const ConstSharedPtr&)’:
[3.655s] /home/light-sz02-liangpan/catkin_ws/Elastic-Tracker/ros2_tracker/src/planning/DecompROS/decomp_ros_utils/src/ellipsoid_array_display.cpp:41:5: error: ‘RVIZ_COMMON_LOG_DEBUG’ was not declared in this scope
[3.655s]    41 |     RVIZ_COMMON_LOG_DEBUG("Error transforming from frame '%s' to frame '%s'",
[3.655s]       |     ^~~~~~~~~~~~~~~~~~~~~
[4.269s] In file included from /opt/ros/humble/include/class_loader/class_loader/class_loader_core.hpp:57,
[4.269s]                  from /opt/ros/humble/include/class_loader/class_loader/class_loader.hpp:55,
[4.269s]                  from /opt/ros/humble/include/class_loader/class_loader/multi_library_class_loader.hpp:52,
[4.269s]                  from /opt/ros/humble/include/pluginlib/pluginlib/class_loader.hpp:38,
[4.269s]                  from /opt/ros/humble/include/rviz_common/rviz_common/factory/pluginlib_factory.hpp:42,
[4.269s]                  from /opt/ros/humble/include/rviz_common/rviz_common/transformation/transformation_manager.hpp:44,
[4.269s]                  from /opt/ros/humble/include/rviz_common/rviz_common/visualization_manager.hpp:47,
[4.269s]                  from /home/light-sz02-liangpan/catkin_ws/Elastic-Tracker/ros2_tracker/src/planning/DecompROS/decomp_ros_utils/src/ellipsoid_array_display.h:3,
[4.269s]                  from /home/light-sz02-liangpan/catkin_ws/Elastic-Tracker/ros2_tracker/src/planning/DecompROS/decomp_ros_utils/src/ellipsoid_array_display.cpp:1:
[4.269s] /opt/ros/humble/include/class_loader/class_loader/meta_object.hpp: In instantiation of ‘B* class_loader::impl::MetaObject<C, B>::create() const [with C = decomp_rviz_plugins::EllipsoidArrayDisplay; B = rviz_common::Display]’:
[4.269s] /opt/ros/humble/include/class_loader/class_loader/meta_object.hpp:216:7:   required from here
[4.269s] /opt/ros/humble/include/class_loader/class_loader/meta_object.hpp:218:12: error: invalid new-expression of abstract class type ‘decomp_rviz_plugins::EllipsoidArrayDisplay’
[4.269s]   218 |     return new C;
[4.269s]       |            ^~~~~
[4.269s] In file included from /home/light-sz02-liangpan/catkin_ws/Elastic-Tracker/ros2_tracker/src/planning/DecompROS/decomp_ros_utils/src/ellipsoid_array_display.cpp:1:
[4.269s] /home/light-sz02-liangpan/catkin_ws/Elastic-Tracker/ros2_tracker/src/planning/DecompROS/decomp_ros_utils/src/ellipsoid_array_display.h:18:7: note:   because the following virtual functions are pure within ‘decomp_rviz_plugins::EllipsoidArrayDisplay’:
[4.269s]    18 | class EllipsoidArrayDisplay
[4.269s]       |       ^~~~~~~~~~~~~~~~~~~~~
[4.269s] In file included from /home/light-sz02-liangpan/catkin_ws/Elastic-Tracker/ros2_tracker/src/planning/DecompROS/decomp_ros_utils/src/ellipsoid_array_display.h:11,
[4.269s]                  from /home/light-sz02-liangpan/catkin_ws/Elastic-Tracker/ros2_tracker/src/planning/DecompROS/decomp_ros_utils/src/ellipsoid_array_display.cpp:1:
[4.269s] /opt/ros/humble/include/rviz_common/rviz_common/message_filter_display.hpp:232:16: note:     ‘void rviz_common::MessageFilterDisplay<MessageType>::processMessage(typename MessageType::ConstSharedPtr) [with MessageType = decomp_ros_msgs::msg::EllipsoidArray_<std::allocator<void> >; typename MessageType::ConstSharedPtr = std::shared_ptr<const decomp_ros_msgs::msg::EllipsoidArray_<std::allocator<void> > >]’
[4.269s]   232 |   virtual void processMessage(typename MessageType::ConstSharedPtr msg) = 0;
[4.269s]       |                ^~~~~~~~~~~~~~
[5.865s] gmake[2]: *** [CMakeFiles/decomp_rviz_plugins.dir/build.make:146：CMakeFiles/decomp_rviz_plugins.dir/src/ellipsoid_array_display.cpp.o] 错误 1
[5.865s] gmake[1]: *** [CMakeFiles/Makefile2:138：CMakeFiles/decomp_rviz_plugins.dir/all] 错误 2
[5.865s] gmake: *** [Makefile:146：all] 错误 2
[5.867s] Invoked command in '/home/light-sz02-liangpan/catkin_ws/Elastic-Tracker/ros2_tracker/build/decomp_ros_utils' returned '2': CMAKE_PREFIX_PATH=/home/light-sz02-liangpan/catkin_ws/Elastic-Tracker/ros2_tracker/install/decomp_ros_msgs:/home/light-sz02-liangpan/catkin_ws/Elastic-Tracker/ros2_tracker/install/traj_opt:/home/light-sz02-liangpan/catkin_ws/Elastic-Tracker/ros2_tracker/install/quadrotor_msgs:/home/light-sz02-liangpan/catkin_ws/Elastic-Tracker/ros2_tracker/install/pose_utils:/home/light-sz02-liangpan/catkin_ws/Elastic-Tracker/ros2_tracker/install/object_detection_msgs:/opt/ros/humble LD_LIBRARY_PATH=/home/light-sz02-liangpan/catkin_ws/Elastic-Tracker/ros2_tracker/install/decomp_ros_msgs/lib:/home/light-sz02-liangpan/catkin_ws/Elastic-Tracker/ros2_tracker/install/traj_opt/lib:/home/light-sz02-liangpan/catkin_ws/Elastic-Tracker/ros2_tracker/install/quadrotor_msgs/lib:/home/light-sz02-liangpan/catkin_ws/Elastic-Tracker/ros2_tracker/install/pose_utils/lib:/home/light-sz02-liangpan/catkin_ws/Elastic-Tracker/ros2_tracker/install/object_detection_msgs/lib:/opt/ros/humble/opt/rviz_ogre_vendor/lib:/opt/ros/humble/lib/x86_64-linux-gnu:/opt/ros/humble/lib /usr/bin/cmake --build /home/light-sz02-liangpan/catkin_ws/Elastic-Tracker/ros2_tracker/build/decomp_ros_utils -- -j32 -l32
