-- Found ament_cmake: 2.5.5 (/opt/ros/jazzy/share/ament_cmake/cmake)
-- Override CMake install command with custom implementation using symlinks instead of copying resources
-- Found rclcpp: 28.1.16 (/opt/ros/jazzy/share/rclcpp/cmake)
-- Found rosidl_generator_c: 4.6.7 (/opt/ros/jazzy/share/rosidl_generator_c/cmake)
-- Found rosidl_generator_cpp: 4.6.7 (/opt/ros/jazzy/share/rosidl_generator_cpp/cmake)
-- Using all available rosidl_typesupport_c: rosidl_typesupport_fastrtps_c;rosidl_typesupport_introspection_c
-- Using all available rosidl_typesupport_cpp: rosidl_typesupport_fastrtps_cpp;rosidl_typesupport_introspection_cpp
-- Found rmw_implementation_cmake: 7.3.3 (/opt/ros/jazzy/share/rmw_implementation_cmake/cmake)
-- Found rmw_fastrtps_cpp: 8.4.3 (/opt/ros/jazzy/share/rmw_fastrtps_cpp/cmake)
-- Using RMW implementation 'rmw_fastrtps_cpp' as default
-- Found rclcpp_components: 28.1.16 (/opt/ros/jazzy/share/rclcpp_components/cmake)
-- Found std_msgs: 5.3.6 (/opt/ros/jazzy/share/std_msgs/cmake)
-- Found geometry_msgs: 5.3.6 (/opt/ros/jazzy/share/geometry_msgs/cmake)
-- Found nav_msgs: 5.3.6 (/opt/ros/jazzy/share/nav_msgs/cmake)
-- Found visualization_msgs: 5.3.6 (/opt/ros/jazzy/share/visualization_msgs/cmake)
-- Found quadrotor_msgs: 0.0.1 (/root/Elastic-Tracker/ros2_ws/install/share/quadrotor_msgs/cmake)
-- Found mapping_core: 0.0.1 (/root/Elastic-Tracker/ros2_ws/install/share/mapping_core/cmake)
-- Found traj_opt_core: 0.0.1 (/root/Elastic-Tracker/ros2_ws/install/share/traj_opt_core/cmake)
-- Found decomp_ros_msgs: 0.0.1 (/root/Elastic-Tracker/ros2_ws/install/share/decomp_ros_msgs/cmake)
-- Found decomp_ros_utils: 0.0.1 (/root/Elastic-Tracker/ros2_ws/install/share/decomp_ros_utils/cmake)
-- Setting OGRE_DIR to: '/opt/ros/jazzy/share/rviz_ogre_vendor/cmake/../../../opt/rviz_ogre_vendor/lib/OGRE/cmake'
-- Found OGRE
--   static     : OFF
--   components : MeshLodGenerator;Overlay;Paging;Property;RTShaderSystem;Terrain;Volume
--   plugins    : Plugin_BSPSceneManager;Plugin_OctreeSceneManager;Plugin_PCZSceneManager;Plugin_ParticleFX;RenderSystem_GL;RenderSystem_GL3Plus;Codec_STBI
--   media      : /opt/ros/jazzy/opt/rviz_ogre_vendor/share/OGRE/Media
-- OGRE_LIBRARIES: OgreMeshLodGenerator;OgreOverlay;OgrePaging;OgreProperty;OgreRTShaderSystem;OgreTerrain;OgreVolume;OgreMain
-- OGRE_LIBRARY_DIRS: /opt/ros/jazzy/opt/rviz_ogre_vendor/lib
-- OGRE_PLUGINS: Plugin_BSPSceneManager;Plugin_OctreeSceneManager;Plugin_PCZSceneManager;Plugin_ParticleFX;RenderSystem_GL;RenderSystem_GL3Plus;Codec_STBI
-- OGRE_PLUGIN_DIR: /opt/ros/jazzy/opt/rviz_ogre_vendor/lib/OGRE
-- rviz_ogre_vendor::OgreOverlay for IMPORTED_LOCATION_RELEASE: /opt/ros/jazzy/opt/rviz_ogre_vendor/lib/libOgreOverlay.so
-- rviz_ogre_vendor::OgreOverlay for IMPORTED_LOCATION_DEBUG: /opt/ros/jazzy/opt/rviz_ogre_vendor/lib/libOgreOverlay.so
-- rviz_ogre_vendor::OgreMain for IMPORTED_LOCATION_RELEASE: /opt/ros/jazzy/opt/rviz_ogre_vendor/lib/libOgreMain.so
-- rviz_ogre_vendor::OgreMain for IMPORTED_LOCATION_DEBUG: /opt/ros/jazzy/opt/rviz_ogre_vendor/lib/libOgreMain.so
-- Could not find freeimage library
-- Found ZLIB: /usr/lib/x86_64-linux-gnu/libz.so (found version "1.3")  
-- Found OpenGL: /usr/lib/x86_64-linux-gnu/libOpenGL.so   
-- Found X11: /usr/include   
-- Looking for XOpenDisplay in /usr/lib/x86_64-linux-gnu/libX11.so;/usr/lib/x86_64-linux-gnu/libXext.so
-- Looking for XOpenDisplay in /usr/lib/x86_64-linux-gnu/libX11.so;/usr/lib/x86_64-linux-gnu/libXext.so - found
-- Looking for gethostbyname
-- Looking for gethostbyname - found
-- Looking for connect
-- Looking for connect - found
-- Looking for remove
-- Looking for remove - found
-- Looking for shmat
-- Looking for shmat - found
-- Looking for IceConnectionNumber in ICE
-- Looking for IceConnectionNumber in ICE - found
-- Setting yaml-cpp_DIR to: '/opt/ros/jazzy/share/yaml_cpp_vendor/cmake/../../../opt/yaml_cpp_vendor/share/cmake/yaml-cpp'
-- Configuring done (0.9s)
-- Generating done (0.0s)
-- Build files have been written to: /root/Elastic-Tracker/ros2_ws/build/planning
[ 16%] Building CXX object CMakeFiles/traj_server_node.dir/src/traj_server_node_ros2.cpp.o
[ 33%] Building CXX object CMakeFiles/planning_component.dir/src/planning_component.cpp.o
/root/Elastic-Tracker/ros2_ws/src/planning/src/planning_component.cpp:118:15: error: ‘Trajectory’ in namespace ‘traj_opt’ does not name a type
  118 |     traj_opt::Trajectory traj{};
      |               ^~~~~~~~~~
/root/Elastic-Tracker/ros2_ws/src/planning/src/planning_component.cpp: In static member function ‘static Eigen::Vector3d planning::PlanningComponent::evalPos(const PlannedTraj&, double)’:
/root/Elastic-Tracker/ros2_ws/src/planning/src/planning_component.cpp:191:45: error: ‘const struct planning::PlanningComponent::PlannedTraj’ has no member named ‘traj’
  191 |     const double tt = std::clamp(t, 0.0, tr.traj.getTotalDuration());
      |                                             ^~~~
/root/Elastic-Tracker/ros2_ws/src/planning/src/planning_component.cpp:192:15: error: ‘const struct planning::PlanningComponent::PlannedTraj’ has no member named ‘traj’
  192 |     return tr.traj.getPos(tt);
      |               ^~~~
/root/Elastic-Tracker/ros2_ws/src/planning/src/planning_component.cpp: In static member function ‘static Eigen::Vector3d planning::PlanningComponent::evalVel(const PlannedTraj&, double)’:
/root/Elastic-Tracker/ros2_ws/src/planning/src/planning_component.cpp:195:45: error: ‘const struct planning::PlanningComponent::PlannedTraj’ has no member named ‘traj’
  195 |     const double tt = std::clamp(t, 0.0, tr.traj.getTotalDuration());
      |                                             ^~~~
/root/Elastic-Tracker/ros2_ws/src/planning/src/planning_component.cpp:196:15: error: ‘const struct planning::PlanningComponent::PlannedTraj’ has no member named ‘traj’
  196 |     return tr.traj.getVel(tt);
      |               ^~~~
/root/Elastic-Tracker/ros2_ws/src/planning/src/planning_component.cpp: In static member function ‘static Eigen::Vector3d planning::PlanningComponent::evalAcc(const PlannedTraj&, double)’:
/root/Elastic-Tracker/ros2_ws/src/planning/src/planning_component.cpp:199:45: error: ‘const struct planning::PlanningComponent::PlannedTraj’ has no member named ‘traj’
  199 |     const double tt = std::clamp(t, 0.0, tr.traj.getTotalDuration());
      |                                             ^~~~
/root/Elastic-Tracker/ros2_ws/src/planning/src/planning_component.cpp:200:15: error: ‘const struct planning::PlanningComponent::PlannedTraj’ has no member named ‘traj’
  200 |     return tr.traj.getAcc(tt);
      |               ^~~~
/root/Elastic-Tracker/ros2_ws/src/planning/src/planning_component.cpp: In member function ‘planning::PlanningComponent::PlannedTraj planning::PlanningComponent::makeQuinticTraj(const Eigen::Vector3d&, const Eigen::Vector3d&, const Eigen::Vector3d&, const Eigen::Vector3d&, const Eigen::Vector3d&, const Eigen::Vector3d&, float, const rclcpp::Time&) const’:
/root/Elastic-Tracker/ros2_ws/src/planning/src/planning_component.cpp:265:15: error: ‘CoefficientMat’ is not a member of ‘traj_opt’; did you mean ‘CoefficientMat’?
  265 |     traj_opt::CoefficientMat cMat;
      |               ^~~~~~~~~~~~~~
In file included from /root/Elastic-Tracker/ros2_ws/src/planning/src/planning_component.cpp:13:
/root/Elastic-Tracker/ros2_ws/install/include/traj_opt/poly_traj_utils.hpp:30:37: note: ‘CoefficientMat’ declared here
   30 | typedef Eigen::Matrix<double, 3, 6> CoefficientMat;
      |                                     ^~~~~~~~~~~~~~
/root/Elastic-Tracker/ros2_ws/src/planning/src/planning_component.cpp:266:5: error: ‘cMat’ was not declared in this scope
  266 |     cMat.row(0) << cx[5], cx[4], cx[3], cx[2], cx[1], cx[0];
      |     ^~~~
/root/Elastic-Tracker/ros2_ws/src/planning/src/planning_component.cpp:269:8: error: ‘struct planning::PlanningComponent::PlannedTraj’ has no member named ‘traj’
  269 |     tr.traj = traj_opt::Trajectory(std::vector<double>{T}, std::vector<traj_opt::CoefficientMat>{cMat});
      |        ^~~~
/root/Elastic-Tracker/ros2_ws/src/planning/src/planning_component.cpp:269:25: error: ‘Trajectory’ is not a member of ‘traj_opt’; did you mean ‘Trajectory’?
  269 |     tr.traj = traj_opt::Trajectory(std::vector<double>{T}, std::vector<traj_opt::CoefficientMat>{cMat});
      |                         ^~~~~~~~~~
/root/Elastic-Tracker/ros2_ws/install/include/traj_opt/poly_traj_utils.hpp:342:7: note: ‘Trajectory’ declared here
  342 | class Trajectory {
      |       ^~~~~~~~~~
/root/Elastic-Tracker/ros2_ws/src/planning/src/planning_component.cpp:269:82: error: ‘CoefficientMat’ is not a member of ‘traj_opt’; did you mean ‘CoefficientMat’?
  269 |     tr.traj = traj_opt::Trajectory(std::vector<double>{T}, std::vector<traj_opt::CoefficientMat>{cMat});
      |                                                                                  ^~~~~~~~~~~~~~
/root/Elastic-Tracker/ros2_ws/install/include/traj_opt/poly_traj_utils.hpp:30:37: note: ‘CoefficientMat’ declared here
   30 | typedef Eigen::Matrix<double, 3, 6> CoefficientMat;
      |                                     ^~~~~~~~~~~~~~
/root/Elastic-Tracker/ros2_ws/src/planning/src/planning_component.cpp:269:96: error: template argument 1 is invalid
  269 |     tr.traj = traj_opt::Trajectory(std::vector<double>{T}, std::vector<traj_opt::CoefficientMat>{cMat});
      |                                                                                                ^
/root/Elastic-Tracker/ros2_ws/src/planning/src/planning_component.cpp:269:96: error: template argument 2 is invalid
/root/Elastic-Tracker/ros2_ws/src/planning/src/planning_component.cpp: In member function ‘void planning::PlanningComponent::publishTrajMsg(const PlannedTraj&)’:
/root/Elastic-Tracker/ros2_ws/src/planning/src/planning_component.cpp:282:22: error: ‘const struct planning::PlanningComponent::PlannedTraj’ has no member named ‘traj’
  282 |     const int N = tr.traj.getPieceNum();
      |                      ^~~~
/root/Elastic-Tracker/ros2_ws/src/planning/src/planning_component.cpp:288:47: error: ‘const struct planning::PlanningComponent::PlannedTraj’ has no member named ‘traj’
  288 |       msg.duration[i] = static_cast<float>(tr.traj[i].getDuration());
      |                                               ^~~~
/root/Elastic-Tracker/ros2_ws/src/planning/src/planning_component.cpp:289:26: error: ‘const struct planning::PlanningComponent::PlannedTraj’ has no member named ‘traj’
  289 |       const auto& c = tr.traj[i].getCoeffMat();  // cols t^5..t^0
      |                          ^~~~
/root/Elastic-Tracker/ros2_ws/src/planning/src/planning_component.cpp: In member function ‘bool planning::PlanningComponent::validcheck(const PlannedTraj&, const rclcpp::Time&, double) const’:
/root/Elastic-Tracker/ros2_ws/src/planning/src/planning_component.cpp:303:51: error: ‘const struct planning::PlanningComponent::PlannedTraj’ has no member named ‘traj’
  303 |     const double delta_t = std::min(check_dur, tr.traj.getTotalDuration());
      |                                                   ^~~~
/root/Elastic-Tracker/ros2_ws/src/planning/src/planning_component.cpp: In member function ‘void planning::PlanningComponent::normalTimerCb()’:
/root/Elastic-Tracker/ros2_ws/src/planning/src/planning_component.cpp:427:75: error: ‘struct planning::PlanningComponent::PlannedTraj’ has no member named ‘traj’
  427 |     if (force_hover_ || !last_traj_.has_value() || replan_t > last_traj_->traj.getTotalDuration()) {
      |                                                                           ^~~~
/root/Elastic-Tracker/ros2_ws/src/planning/src/planning_component.cpp:458:15: error: ‘Trajectory’ is not a member of ‘traj_opt’; did you mean ‘Trajectory’?
  458 |     traj_opt::Trajectory traj;
      |               ^~~~~~~~~~
/root/Elastic-Tracker/ros2_ws/install/include/traj_opt/poly_traj_utils.hpp:342:7: note: ‘Trajectory’ declared here
  342 | class Trajectory {
      |       ^~~~~~~~~~
/root/Elastic-Tracker/ros2_ws/src/planning/src/planning_component.cpp:511:105: error: ‘traj’ was not declared in this scope
  511 |         generate_new_traj_success = traj_opt_.generate_traj(iniState, finState, target_predict, hPolys, traj);
      |                                                                                                         ^~~~
/root/Elastic-Tracker/ros2_ws/src/planning/src/planning_component.cpp:513:125: error: ‘traj’ was not declared in this scope
  513 |         generate_new_traj_success = traj_opt_.generate_traj(iniState, finState, target_predict, visible_ps, thetas, hPolys, traj);
      |                                                                                                                             ^~~~
/root/Elastic-Tracker/ros2_ws/src/planning/src/planning_component.cpp:523:16: error: ‘struct planning::PlanningComponent::PlannedTraj’ has no member named ‘traj’
  523 |       new_traj.traj = traj;
      |                ^~~~
/root/Elastic-Tracker/ros2_ws/src/planning/src/planning_component.cpp:523:23: error: ‘traj’ was not declared in this scope
  523 |       new_traj.traj = traj;
      |                       ^~~~
/root/Elastic-Tracker/ros2_ws/src/planning/src/planning_component.cpp: In member function ‘void planning::PlanningComponent::fakeTimerCb()’:
/root/Elastic-Tracker/ros2_ws/src/planning/src/planning_component.cpp:612:75: error: ‘struct planning::PlanningComponent::PlannedTraj’ has no member named ‘traj’
  612 |     if (force_hover_ || !last_traj_.has_value() || replan_t > last_traj_->traj.getTotalDuration()) {
      |                                                                           ^~~~
[ 50%] Linking CXX executable traj_server_node
[ 50%] Built target traj_server_node
gmake[2]: *** [CMakeFiles/planning_component.dir/build.make:76: CMakeFiles/planning_component.dir/src/planning_component.cpp.o] Error 1
gmake[1]: *** [CMakeFiles/Makefile2:141: CMakeFiles/planning_component.dir/all] Error 2
gmake: *** [Makefile:146: all] Error 2
