[0.010s] Invoking command in '/root/Elastic-Tracker/ros2_ws/build/planning': CMAKE_PREFIX_PATH=/opt/ros/jazzy:/root/Elastic-Tracker/ros2_ws/install:/opt/ros/jazzy/opt/gz_math_vendor:/opt/ros/jazzy/opt/gz_utils_vendor:/opt/ros/jazzy/opt/gz_cmake_vendor:/root/Elastic-Tracker/ros2_ws/install/elastic_tracker_bringup:/root/Elastic-Tracker/ros2_ws/install/planning:/root/Elastic-Tracker/ros2_ws/install/traj_opt_core:/root/Elastic-Tracker/ros2_ws/install/target_ekf:/root/Elastic-Tracker/ros2_ws/install/so3_quadrotor:/root/Elastic-Tracker/ros2_ws/install/so3_controller:/root/Elastic-Tracker/ros2_ws/install/odom_visualization:/root/Elastic-Tracker/ros2_ws/install/mapping:/root/Elastic-Tracker/ros2_ws/install/quadrotor_msgs:/root/Elastic-Tracker/ros2_ws/install/pose_utils:/root/Elastic-Tracker/ros2_ws/install/object_detection_msgs:/root/Elastic-Tracker/ros2_ws/install/mockamap:/root/Elastic-Tracker/ros2_ws/install/mapping_core CONDA_PROMPT_MODIFIER=(base) HISTTIMEFORMAT=%F %T LD_LIBRARY_PATH=/root/Elastic-Tracker/ros2_ws/install/lib:/opt/ros/jazzy/opt/rviz_ogre_vendor/lib:/opt/ros/jazzy/opt/gz_math_vendor/lib:/opt/ros/jazzy/opt/gz_utils_vendor/lib:/opt/ros/jazzy/opt/gz_cmake_vendor/lib:/root/Elastic-Tracker/ros2_ws/install/planning/lib:/root/Elastic-Tracker/ros2_ws/install/so3_quadrotor/lib:/root/Elastic-Tracker/ros2_ws/install/so3_controller/lib:/root/Elastic-Tracker/ros2_ws/install/mapping/lib:/root/Elastic-Tracker/ros2_ws/install/quadrotor_msgs/lib:/root/Elastic-Tracker/ros2_ws/install/object_detection_msgs/lib:/opt/ros/jazzy/lib/x86_64-linux-gnu:/opt/ros/jazzy/lib PYTHONPATH=/root/Elastic-Tracker/ros2_ws/install/lib/python3.12/site-packages:${PYTHONPATH} /usr/bin/cmake /root/Elastic-Tracker/ros2_ws/src/planning -DCMAKE_BUILD_TYPE=Release -DAMENT_CMAKE_SYMLINK_INSTALL=1 -DCMAKE_INSTALL_PREFIX=/root/Elastic-Tracker/ros2_ws/install
[0.016s] -- Found ament_cmake: 2.5.5 (/opt/ros/jazzy/share/ament_cmake/cmake)
[0.133s] -- Override CMake install command with custom implementation using symlinks instead of copying resources
[0.136s] -- Found rclcpp: 28.1.16 (/opt/ros/jazzy/share/rclcpp/cmake)
[0.150s] -- Found rosidl_generator_c: 4.6.7 (/opt/ros/jazzy/share/rosidl_generator_c/cmake)
[0.154s] -- Found rosidl_generator_cpp: 4.6.7 (/opt/ros/jazzy/share/rosidl_generator_cpp/cmake)
[0.159s] -- Using all available rosidl_typesupport_c: rosidl_typesupport_fastrtps_c;rosidl_typesupport_introspection_c
[0.166s] -- Using all available rosidl_typesupport_cpp: rosidl_typesupport_fastrtps_cpp;rosidl_typesupport_introspection_cpp
[0.197s] -- Found rmw_implementation_cmake: 7.3.3 (/opt/ros/jazzy/share/rmw_implementation_cmake/cmake)
[0.198s] -- Found rmw_fastrtps_cpp: 8.4.3 (/opt/ros/jazzy/share/rmw_fastrtps_cpp/cmake)
[0.237s] -- Using RMW implementation 'rmw_fastrtps_cpp' as default
[0.271s] -- Found rclcpp_components: 28.1.16 (/opt/ros/jazzy/share/rclcpp_components/cmake)
[0.285s] -- Found std_msgs: 5.3.6 (/opt/ros/jazzy/share/std_msgs/cmake)
[0.292s] -- Found geometry_msgs: 5.3.6 (/opt/ros/jazzy/share/geometry_msgs/cmake)
[0.300s] -- Found nav_msgs: 5.3.6 (/opt/ros/jazzy/share/nav_msgs/cmake)
[0.315s] -- Found visualization_msgs: 5.3.6 (/opt/ros/jazzy/share/visualization_msgs/cmake)
[0.345s] -- Found quadrotor_msgs: 0.0.1 (/root/Elastic-Tracker/ros2_ws/install/share/quadrotor_msgs/cmake)
[0.359s] -- Found mapping_core: 0.0.1 (/root/Elastic-Tracker/ros2_ws/install/share/mapping_core/cmake)
[0.360s] -- Found traj_opt_core: 0.0.1 (/root/Elastic-Tracker/ros2_ws/install/share/traj_opt_core/cmake)
[0.361s] -- Found decomp_ros_msgs: 0.0.1 (/root/Elastic-Tracker/ros2_ws/install/share/decomp_ros_msgs/cmake)
[0.371s] -- Found decomp_ros_utils: 0.0.1 (/root/Elastic-Tracker/ros2_ws/install/share/decomp_ros_utils/cmake)
[0.384s] -- Setting OGRE_DIR to: '/opt/ros/jazzy/share/rviz_ogre_vendor/cmake/../../../opt/rviz_ogre_vendor/lib/OGRE/cmake'
[0.385s] -- Found OGRE
[0.385s] --   static     : OFF
[0.385s] --   components : MeshLodGenerator;Overlay;Paging;Property;RTShaderSystem;Terrain;Volume
[0.385s] --   plugins    : Plugin_BSPSceneManager;Plugin_OctreeSceneManager;Plugin_PCZSceneManager;Plugin_ParticleFX;RenderSystem_GL;RenderSystem_GL3Plus;Codec_STBI
[0.385s] --   media      : /opt/ros/jazzy/opt/rviz_ogre_vendor/share/OGRE/Media
[0.385s] -- OGRE_LIBRARIES: OgreMeshLodGenerator;OgreOverlay;OgrePaging;OgreProperty;OgreRTShaderSystem;OgreTerrain;OgreVolume;OgreMain
[0.385s] -- OGRE_LIBRARY_DIRS: /opt/ros/jazzy/opt/rviz_ogre_vendor/lib
[0.385s] -- OGRE_PLUGINS: Plugin_BSPSceneManager;Plugin_OctreeSceneManager;Plugin_PCZSceneManager;Plugin_ParticleFX;RenderSystem_GL;RenderSystem_GL3Plus;Codec_STBI
[0.385s] -- OGRE_PLUGIN_DIR: /opt/ros/jazzy/opt/rviz_ogre_vendor/lib/OGRE
[0.385s] -- rviz_ogre_vendor::OgreOverlay for IMPORTED_LOCATION_RELEASE: /opt/ros/jazzy/opt/rviz_ogre_vendor/lib/libOgreOverlay.so
[0.385s] -- rviz_ogre_vendor::OgreOverlay for IMPORTED_LOCATION_DEBUG: /opt/ros/jazzy/opt/rviz_ogre_vendor/lib/libOgreOverlay.so
[0.385s] -- rviz_ogre_vendor::OgreMain for IMPORTED_LOCATION_RELEASE: /opt/ros/jazzy/opt/rviz_ogre_vendor/lib/libOgreMain.so
[0.385s] -- rviz_ogre_vendor::OgreMain for IMPORTED_LOCATION_DEBUG: /opt/ros/jazzy/opt/rviz_ogre_vendor/lib/libOgreMain.so
[0.386s] -- Could not find freeimage library
[0.400s] -- Found ZLIB: /usr/lib/x86_64-linux-gnu/libz.so (found version "1.3")  
[0.404s] -- Found OpenGL: /usr/lib/x86_64-linux-gnu/libOpenGL.so   
[0.483s] -- Found X11: /usr/include   
[0.483s] -- Looking for XOpenDisplay in /usr/lib/x86_64-linux-gnu/libX11.so;/usr/lib/x86_64-linux-gnu/libXext.so
[0.539s] -- Looking for XOpenDisplay in /usr/lib/x86_64-linux-gnu/libX11.so;/usr/lib/x86_64-linux-gnu/libXext.so - found
[0.539s] -- Looking for gethostbyname
[0.589s] -- Looking for gethostbyname - found
[0.589s] -- Looking for connect
[0.636s] -- Looking for connect - found
[0.637s] -- Looking for remove
[0.683s] -- Looking for remove - found
[0.683s] -- Looking for shmat
[0.734s] -- Looking for shmat - found
[0.734s] -- Looking for IceConnectionNumber in ICE
[0.781s] -- Looking for IceConnectionNumber in ICE - found
[0.846s] -- Setting yaml-cpp_DIR to: '/opt/ros/jazzy/share/yaml_cpp_vendor/cmake/../../../opt/yaml_cpp_vendor/share/cmake/yaml-cpp'
[0.920s] -- Configuring done (0.9s)
[0.951s] -- Generating done (0.0s)
[0.956s] -- Build files have been written to: /root/Elastic-Tracker/ros2_ws/build/planning
[0.966s] Invoked command in '/root/Elastic-Tracker/ros2_ws/build/planning' returned '0': CMAKE_PREFIX_PATH=/opt/ros/jazzy:/root/Elastic-Tracker/ros2_ws/install:/opt/ros/jazzy/opt/gz_math_vendor:/opt/ros/jazzy/opt/gz_utils_vendor:/opt/ros/jazzy/opt/gz_cmake_vendor:/root/Elastic-Tracker/ros2_ws/install/elastic_tracker_bringup:/root/Elastic-Tracker/ros2_ws/install/planning:/root/Elastic-Tracker/ros2_ws/install/traj_opt_core:/root/Elastic-Tracker/ros2_ws/install/target_ekf:/root/Elastic-Tracker/ros2_ws/install/so3_quadrotor:/root/Elastic-Tracker/ros2_ws/install/so3_controller:/root/Elastic-Tracker/ros2_ws/install/odom_visualization:/root/Elastic-Tracker/ros2_ws/install/mapping:/root/Elastic-Tracker/ros2_ws/install/quadrotor_msgs:/root/Elastic-Tracker/ros2_ws/install/pose_utils:/root/Elastic-Tracker/ros2_ws/install/object_detection_msgs:/root/Elastic-Tracker/ros2_ws/install/mockamap:/root/Elastic-Tracker/ros2_ws/install/mapping_core CONDA_PROMPT_MODIFIER=(base) HISTTIMEFORMAT=%F %T LD_LIBRARY_PATH=/root/Elastic-Tracker/ros2_ws/install/lib:/opt/ros/jazzy/opt/rviz_ogre_vendor/lib:/opt/ros/jazzy/opt/gz_math_vendor/lib:/opt/ros/jazzy/opt/gz_utils_vendor/lib:/opt/ros/jazzy/opt/gz_cmake_vendor/lib:/root/Elastic-Tracker/ros2_ws/install/planning/lib:/root/Elastic-Tracker/ros2_ws/install/so3_quadrotor/lib:/root/Elastic-Tracker/ros2_ws/install/so3_controller/lib:/root/Elastic-Tracker/ros2_ws/install/mapping/lib:/root/Elastic-Tracker/ros2_ws/install/quadrotor_msgs/lib:/root/Elastic-Tracker/ros2_ws/install/object_detection_msgs/lib:/opt/ros/jazzy/lib/x86_64-linux-gnu:/opt/ros/jazzy/lib PYTHONPATH=/root/Elastic-Tracker/ros2_ws/install/lib/python3.12/site-packages:${PYTHONPATH} /usr/bin/cmake /root/Elastic-Tracker/ros2_ws/src/planning -DCMAKE_BUILD_TYPE=Release -DAMENT_CMAKE_SYMLINK_INSTALL=1 -DCMAKE_INSTALL_PREFIX=/root/Elastic-Tracker/ros2_ws/install
[0.967s] Invoking command in '/root/Elastic-Tracker/ros2_ws/build/planning': CMAKE_PREFIX_PATH=/opt/ros/jazzy:/root/Elastic-Tracker/ros2_ws/install:/opt/ros/jazzy/opt/gz_math_vendor:/opt/ros/jazzy/opt/gz_utils_vendor:/opt/ros/jazzy/opt/gz_cmake_vendor:/root/Elastic-Tracker/ros2_ws/install/elastic_tracker_bringup:/root/Elastic-Tracker/ros2_ws/install/planning:/root/Elastic-Tracker/ros2_ws/install/traj_opt_core:/root/Elastic-Tracker/ros2_ws/install/target_ekf:/root/Elastic-Tracker/ros2_ws/install/so3_quadrotor:/root/Elastic-Tracker/ros2_ws/install/so3_controller:/root/Elastic-Tracker/ros2_ws/install/odom_visualization:/root/Elastic-Tracker/ros2_ws/install/mapping:/root/Elastic-Tracker/ros2_ws/install/quadrotor_msgs:/root/Elastic-Tracker/ros2_ws/install/pose_utils:/root/Elastic-Tracker/ros2_ws/install/object_detection_msgs:/root/Elastic-Tracker/ros2_ws/install/mockamap:/root/Elastic-Tracker/ros2_ws/install/mapping_core CONDA_PROMPT_MODIFIER=(base) HISTTIMEFORMAT=%F %T LD_LIBRARY_PATH=/root/Elastic-Tracker/ros2_ws/install/lib:/opt/ros/jazzy/opt/rviz_ogre_vendor/lib:/opt/ros/jazzy/opt/gz_math_vendor/lib:/opt/ros/jazzy/opt/gz_utils_vendor/lib:/opt/ros/jazzy/opt/gz_cmake_vendor/lib:/root/Elastic-Tracker/ros2_ws/install/planning/lib:/root/Elastic-Tracker/ros2_ws/install/so3_quadrotor/lib:/root/Elastic-Tracker/ros2_ws/install/so3_controller/lib:/root/Elastic-Tracker/ros2_ws/install/mapping/lib:/root/Elastic-Tracker/ros2_ws/install/quadrotor_msgs/lib:/root/Elastic-Tracker/ros2_ws/install/object_detection_msgs/lib:/opt/ros/jazzy/lib/x86_64-linux-gnu:/opt/ros/jazzy/lib PYTHONPATH=/root/Elastic-Tracker/ros2_ws/install/lib/python3.12/site-packages:${PYTHONPATH} /usr/bin/cmake --build /root/Elastic-Tracker/ros2_ws/build/planning -- -j28 -l28
[1.009s] [ 16%] Building CXX object CMakeFiles/traj_server_node.dir/src/traj_server_node_ros2.cpp.o
[1.012s] [ 33%] Building CXX object CMakeFiles/planning_component.dir/src/planning_component.cpp.o
[4.077s] /root/Elastic-Tracker/ros2_ws/src/planning/src/planning_component.cpp:118:15: error: ‘Trajectory’ in namespace ‘traj_opt’ does not name a type
[4.077s]   118 |     traj_opt::Trajectory traj{};
[4.077s]       |               ^~~~~~~~~~
[4.154s] /root/Elastic-Tracker/ros2_ws/src/planning/src/planning_component.cpp: In static member function ‘static Eigen::Vector3d planning::PlanningComponent::evalPos(const PlannedTraj&, double)’:
[4.154s] /root/Elastic-Tracker/ros2_ws/src/planning/src/planning_component.cpp:191:45: error: ‘const struct planning::PlanningComponent::PlannedTraj’ has no member named ‘traj’
[4.154s]   191 |     const double tt = std::clamp(t, 0.0, tr.traj.getTotalDuration());
[4.154s]       |                                             ^~~~
[4.154s] /root/Elastic-Tracker/ros2_ws/src/planning/src/planning_component.cpp:192:15: error: ‘const struct planning::PlanningComponent::PlannedTraj’ has no member named ‘traj’
[4.154s]   192 |     return tr.traj.getPos(tt);
[4.154s]       |               ^~~~
[4.154s] /root/Elastic-Tracker/ros2_ws/src/planning/src/planning_component.cpp: In static member function ‘static Eigen::Vector3d planning::PlanningComponent::evalVel(const PlannedTraj&, double)’:
[4.154s] /root/Elastic-Tracker/ros2_ws/src/planning/src/planning_component.cpp:195:45: error: ‘const struct planning::PlanningComponent::PlannedTraj’ has no member named ‘traj’
[4.154s]   195 |     const double tt = std::clamp(t, 0.0, tr.traj.getTotalDuration());
[4.154s]       |                                             ^~~~
[4.154s] /root/Elastic-Tracker/ros2_ws/src/planning/src/planning_component.cpp:196:15: error: ‘const struct planning::PlanningComponent::PlannedTraj’ has no member named ‘traj’
[4.154s]   196 |     return tr.traj.getVel(tt);
[4.154s]       |               ^~~~
[4.154s] /root/Elastic-Tracker/ros2_ws/src/planning/src/planning_component.cpp: In static member function ‘static Eigen::Vector3d planning::PlanningComponent::evalAcc(const PlannedTraj&, double)’:
[4.154s] /root/Elastic-Tracker/ros2_ws/src/planning/src/planning_component.cpp:199:45: error: ‘const struct planning::PlanningComponent::PlannedTraj’ has no member named ‘traj’
[4.154s]   199 |     const double tt = std::clamp(t, 0.0, tr.traj.getTotalDuration());
[4.154s]       |                                             ^~~~
[4.154s] /root/Elastic-Tracker/ros2_ws/src/planning/src/planning_component.cpp:200:15: error: ‘const struct planning::PlanningComponent::PlannedTraj’ has no member named ‘traj’
[4.154s]   200 |     return tr.traj.getAcc(tt);
[4.154s]       |               ^~~~
[4.165s] /root/Elastic-Tracker/ros2_ws/src/planning/src/planning_component.cpp: In member function ‘planning::PlanningComponent::PlannedTraj planning::PlanningComponent::makeQuinticTraj(const Eigen::Vector3d&, const Eigen::Vector3d&, const Eigen::Vector3d&, const Eigen::Vector3d&, const Eigen::Vector3d&, const Eigen::Vector3d&, float, const rclcpp::Time&) const’:
[4.165s] /root/Elastic-Tracker/ros2_ws/src/planning/src/planning_component.cpp:265:15: error: ‘CoefficientMat’ is not a member of ‘traj_opt’; did you mean ‘CoefficientMat’?
[4.165s]   265 |     traj_opt::CoefficientMat cMat;
[4.165s]       |               ^~~~~~~~~~~~~~
[4.165s] In file included from /root/Elastic-Tracker/ros2_ws/src/planning/src/planning_component.cpp:13:
[4.165s] /root/Elastic-Tracker/ros2_ws/install/include/traj_opt/poly_traj_utils.hpp:30:37: note: ‘CoefficientMat’ declared here
[4.165s]    30 | typedef Eigen::Matrix<double, 3, 6> CoefficientMat;
[4.166s]       |                                     ^~~~~~~~~~~~~~
[4.171s] /root/Elastic-Tracker/ros2_ws/src/planning/src/planning_component.cpp:266:5: error: ‘cMat’ was not declared in this scope
[4.171s]   266 |     cMat.row(0) << cx[5], cx[4], cx[3], cx[2], cx[1], cx[0];
[4.171s]       |     ^~~~
[4.171s] /root/Elastic-Tracker/ros2_ws/src/planning/src/planning_component.cpp:269:8: error: ‘struct planning::PlanningComponent::PlannedTraj’ has no member named ‘traj’
[4.171s]   269 |     tr.traj = traj_opt::Trajectory(std::vector<double>{T}, std::vector<traj_opt::CoefficientMat>{cMat});
[4.171s]       |        ^~~~
[4.172s] /root/Elastic-Tracker/ros2_ws/src/planning/src/planning_component.cpp:269:25: error: ‘Trajectory’ is not a member of ‘traj_opt’; did you mean ‘Trajectory’?
[4.172s]   269 |     tr.traj = traj_opt::Trajectory(std::vector<double>{T}, std::vector<traj_opt::CoefficientMat>{cMat});
[4.172s]       |                         ^~~~~~~~~~
[4.172s] /root/Elastic-Tracker/ros2_ws/install/include/traj_opt/poly_traj_utils.hpp:342:7: note: ‘Trajectory’ declared here
[4.172s]   342 | class Trajectory {
[4.172s]       |       ^~~~~~~~~~
[4.172s] /root/Elastic-Tracker/ros2_ws/src/planning/src/planning_component.cpp:269:82: error: ‘CoefficientMat’ is not a member of ‘traj_opt’; did you mean ‘CoefficientMat’?
[4.172s]   269 |     tr.traj = traj_opt::Trajectory(std::vector<double>{T}, std::vector<traj_opt::CoefficientMat>{cMat});
[4.172s]       |                                                                                  ^~~~~~~~~~~~~~
[4.172s] /root/Elastic-Tracker/ros2_ws/install/include/traj_opt/poly_traj_utils.hpp:30:37: note: ‘CoefficientMat’ declared here
[4.172s]    30 | typedef Eigen::Matrix<double, 3, 6> CoefficientMat;
[4.172s]       |                                     ^~~~~~~~~~~~~~
[4.172s] /root/Elastic-Tracker/ros2_ws/src/planning/src/planning_component.cpp:269:96: error: template argument 1 is invalid
[4.172s]   269 |     tr.traj = traj_opt::Trajectory(std::vector<double>{T}, std::vector<traj_opt::CoefficientMat>{cMat});
[4.172s]       |                                                                                                ^
[4.172s] /root/Elastic-Tracker/ros2_ws/src/planning/src/planning_component.cpp:269:96: error: template argument 2 is invalid
[4.172s] /root/Elastic-Tracker/ros2_ws/src/planning/src/planning_component.cpp: In member function ‘void planning::PlanningComponent::publishTrajMsg(const PlannedTraj&)’:
[4.172s] /root/Elastic-Tracker/ros2_ws/src/planning/src/planning_component.cpp:282:22: error: ‘const struct planning::PlanningComponent::PlannedTraj’ has no member named ‘traj’
[4.172s]   282 |     const int N = tr.traj.getPieceNum();
[4.172s]       |                      ^~~~
[4.172s] /root/Elastic-Tracker/ros2_ws/src/planning/src/planning_component.cpp:288:47: error: ‘const struct planning::PlanningComponent::PlannedTraj’ has no member named ‘traj’
[4.173s]   288 |       msg.duration[i] = static_cast<float>(tr.traj[i].getDuration());
[4.173s]       |                                               ^~~~
[4.173s] /root/Elastic-Tracker/ros2_ws/src/planning/src/planning_component.cpp:289:26: error: ‘const struct planning::PlanningComponent::PlannedTraj’ has no member named ‘traj’
[4.173s]   289 |       const auto& c = tr.traj[i].getCoeffMat();  // cols t^5..t^0
[4.173s]       |                          ^~~~
[4.173s] /root/Elastic-Tracker/ros2_ws/src/planning/src/planning_component.cpp: In member function ‘bool planning::PlanningComponent::validcheck(const PlannedTraj&, const rclcpp::Time&, double) const’:
[4.173s] /root/Elastic-Tracker/ros2_ws/src/planning/src/planning_component.cpp:303:51: error: ‘const struct planning::PlanningComponent::PlannedTraj’ has no member named ‘traj’
[4.173s]   303 |     const double delta_t = std::min(check_dur, tr.traj.getTotalDuration());
[4.173s]       |                                                   ^~~~
[4.180s] /root/Elastic-Tracker/ros2_ws/src/planning/src/planning_component.cpp: In member function ‘void planning::PlanningComponent::normalTimerCb()’:
[4.180s] /root/Elastic-Tracker/ros2_ws/src/planning/src/planning_component.cpp:427:75: error: ‘struct planning::PlanningComponent::PlannedTraj’ has no member named ‘traj’
[4.180s]   427 |     if (force_hover_ || !last_traj_.has_value() || replan_t > last_traj_->traj.getTotalDuration()) {
[4.180s]       |                                                                           ^~~~
[4.180s] /root/Elastic-Tracker/ros2_ws/src/planning/src/planning_component.cpp:458:15: error: ‘Trajectory’ is not a member of ‘traj_opt’; did you mean ‘Trajectory’?
[4.181s]   458 |     traj_opt::Trajectory traj;
[4.181s]       |               ^~~~~~~~~~
[4.181s] /root/Elastic-Tracker/ros2_ws/install/include/traj_opt/poly_traj_utils.hpp:342:7: note: ‘Trajectory’ declared here
[4.181s]   342 | class Trajectory {
[4.181s]       |       ^~~~~~~~~~
[4.197s] /root/Elastic-Tracker/ros2_ws/src/planning/src/planning_component.cpp:511:105: error: ‘traj’ was not declared in this scope
[4.197s]   511 |         generate_new_traj_success = traj_opt_.generate_traj(iniState, finState, target_predict, hPolys, traj);
[4.197s]       |                                                                                                         ^~~~
[4.200s] /root/Elastic-Tracker/ros2_ws/src/planning/src/planning_component.cpp:513:125: error: ‘traj’ was not declared in this scope
[4.201s]   513 |         generate_new_traj_success = traj_opt_.generate_traj(iniState, finState, target_predict, visible_ps, thetas, hPolys, traj);
[4.201s]       |                                                                                                                             ^~~~
[4.201s] /root/Elastic-Tracker/ros2_ws/src/planning/src/planning_component.cpp:523:16: error: ‘struct planning::PlanningComponent::PlannedTraj’ has no member named ‘traj’
[4.201s]   523 |       new_traj.traj = traj;
[4.201s]       |                ^~~~
[4.204s] /root/Elastic-Tracker/ros2_ws/src/planning/src/planning_component.cpp:523:23: error: ‘traj’ was not declared in this scope
[4.204s]   523 |       new_traj.traj = traj;
[4.204s]       |                       ^~~~
[4.215s] /root/Elastic-Tracker/ros2_ws/src/planning/src/planning_component.cpp: In member function ‘void planning::PlanningComponent::fakeTimerCb()’:
[4.215s] /root/Elastic-Tracker/ros2_ws/src/planning/src/planning_component.cpp:612:75: error: ‘struct planning::PlanningComponent::PlannedTraj’ has no member named ‘traj’
[4.215s]   612 |     if (force_hover_ || !last_traj_.has_value() || replan_t > last_traj_->traj.getTotalDuration()) {
[4.215s]       |                                                                           ^~~~
[11.284s] [ 50%] Linking CXX executable traj_server_node
[11.368s] [ 50%] Built target traj_server_node
[12.475s] gmake[2]: *** [CMakeFiles/planning_component.dir/build.make:76: CMakeFiles/planning_component.dir/src/planning_component.cpp.o] Error 1
[12.476s] gmake[1]: *** [CMakeFiles/Makefile2:141: CMakeFiles/planning_component.dir/all] Error 2
[12.476s] gmake: *** [Makefile:146: all] Error 2
[12.478s] Invoked command in '/root/Elastic-Tracker/ros2_ws/build/planning' returned '2': CMAKE_PREFIX_PATH=/opt/ros/jazzy:/root/Elastic-Tracker/ros2_ws/install:/opt/ros/jazzy/opt/gz_math_vendor:/opt/ros/jazzy/opt/gz_utils_vendor:/opt/ros/jazzy/opt/gz_cmake_vendor:/root/Elastic-Tracker/ros2_ws/install/elastic_tracker_bringup:/root/Elastic-Tracker/ros2_ws/install/planning:/root/Elastic-Tracker/ros2_ws/install/traj_opt_core:/root/Elastic-Tracker/ros2_ws/install/target_ekf:/root/Elastic-Tracker/ros2_ws/install/so3_quadrotor:/root/Elastic-Tracker/ros2_ws/install/so3_controller:/root/Elastic-Tracker/ros2_ws/install/odom_visualization:/root/Elastic-Tracker/ros2_ws/install/mapping:/root/Elastic-Tracker/ros2_ws/install/quadrotor_msgs:/root/Elastic-Tracker/ros2_ws/install/pose_utils:/root/Elastic-Tracker/ros2_ws/install/object_detection_msgs:/root/Elastic-Tracker/ros2_ws/install/mockamap:/root/Elastic-Tracker/ros2_ws/install/mapping_core CONDA_PROMPT_MODIFIER=(base) HISTTIMEFORMAT=%F %T LD_LIBRARY_PATH=/root/Elastic-Tracker/ros2_ws/install/lib:/opt/ros/jazzy/opt/rviz_ogre_vendor/lib:/opt/ros/jazzy/opt/gz_math_vendor/lib:/opt/ros/jazzy/opt/gz_utils_vendor/lib:/opt/ros/jazzy/opt/gz_cmake_vendor/lib:/root/Elastic-Tracker/ros2_ws/install/planning/lib:/root/Elastic-Tracker/ros2_ws/install/so3_quadrotor/lib:/root/Elastic-Tracker/ros2_ws/install/so3_controller/lib:/root/Elastic-Tracker/ros2_ws/install/mapping/lib:/root/Elastic-Tracker/ros2_ws/install/quadrotor_msgs/lib:/root/Elastic-Tracker/ros2_ws/install/object_detection_msgs/lib:/opt/ros/jazzy/lib/x86_64-linux-gnu:/opt/ros/jazzy/lib PYTHONPATH=/root/Elastic-Tracker/ros2_ws/install/lib/python3.12/site-packages:${PYTHONPATH} /usr/bin/cmake --build /root/Elastic-Tracker/ros2_ws/build/planning -- -j28 -l28
